<?xml version="1.0" encoding="UTF-8"?>
<testsuite xmlns:xsi="http://www.w3.org/2001/XMLSchema-instance" xsi:noNamespaceSchemaLocation="https://maven.apache.org/surefire/maven-surefire-plugin/xsd/surefire-test-report-3.0.xsd" version="3.0" name="RecipeControllerTest" time="23.703" tests="3" errors="0" skipped="0" failures="0">
  <properties>
    <property name="java.specification.version" value="19"/>
    <property name="sun.cpu.isalist" value="amd64"/>
    <property name="sun.jnu.encoding" value="Cp1252"/>
    <property name="java.class.path" value="C:\dev\m450\M405_DiLeo_Meyer\uebungen\6\recipe-planner-fronend-and-backend\recipe-planner-backend\target\test-classes;C:\dev\m450\M405_DiLeo_Meyer\uebungen\6\recipe-planner-fronend-and-backend\recipe-planner-backend\target\classes;C:\Users\davim_mbbj75c\.m2\repository\org\springframework\boot\spring-boot-starter-data-jpa\3.2.1\spring-boot-starter-data-jpa-3.2.1.jar;C:\Users\davim_mbbj75c\.m2\repository\org\springframework\boot\spring-boot-starter-aop\3.2.1\spring-boot-starter-aop-3.2.1.jar;C:\Users\davim_mbbj75c\.m2\repository\org\springframework\spring-aop\6.1.2\spring-aop-6.1.2.jar;C:\Users\davim_mbbj75c\.m2\repository\org\aspectj\aspectjweaver\1.9.21\aspectjweaver-1.9.21.jar;C:\Users\davim_mbbj75c\.m2\repository\org\springframework\boot\spring-boot-starter-jdbc\3.2.1\spring-boot-starter-jdbc-3.2.1.jar;C:\Users\davim_mbbj75c\.m2\repository\com\zaxxer\HikariCP\5.0.1\HikariCP-5.0.1.jar;C:\Users\davim_mbbj75c\.m2\repository\org\springframework\spring-jdbc\6.1.2\spring-jdbc-6.1.2.jar;C:\Users\davim_mbbj75c\.m2\repository\org\hibernate\orm\hibernate-core\6.4.1.Final\hibernate-core-6.4.1.Final.jar;C:\Users\davim_mbbj75c\.m2\repository\jakarta\persistence\jakarta.persistence-api\3.1.0\jakarta.persistence-api-3.1.0.jar;C:\Users\davim_mbbj75c\.m2\repository\jakarta\transaction\jakarta.transaction-api\2.0.1\jakarta.transaction-api-2.0.1.jar;C:\Users\davim_mbbj75c\.m2\repository\org\jboss\logging\jboss-logging\3.5.3.Final\jboss-logging-3.5.3.Final.jar;C:\Users\davim_mbbj75c\.m2\repository\org\hibernate\common\hibernate-commons-annotations\6.0.6.Final\hibernate-commons-annotations-6.0.6.Final.jar;C:\Users\davim_mbbj75c\.m2\repository\io\smallrye\jandex\3.1.2\jandex-3.1.2.jar;C:\Users\davim_mbbj75c\.m2\repository\com\fasterxml\classmate\1.6.0\classmate-1.6.0.jar;C:\Users\davim_mbbj75c\.m2\repository\net\bytebuddy\byte-buddy\1.14.10\byte-buddy-1.14.10.jar;C:\Users\davim_mbbj75c\.m2\repository\org\glassfish\jaxb\jaxb-runtime\4.0.4\jaxb-runtime-4.0.4.jar;C:\Users\davim_mbbj75c\.m2\repository\org\glassfish\jaxb\jaxb-core\4.0.4\jaxb-core-4.0.4.jar;C:\Users\davim_mbbj75c\.m2\repository\org\eclipse\angus\angus-activation\2.0.1\angus-activation-2.0.1.jar;C:\Users\davim_mbbj75c\.m2\repository\org\glassfish\jaxb\txw2\4.0.4\txw2-4.0.4.jar;C:\Users\davim_mbbj75c\.m2\repository\com\sun\istack\istack-commons-runtime\4.1.2\istack-commons-runtime-4.1.2.jar;C:\Users\davim_mbbj75c\.m2\repository\jakarta\inject\jakarta.inject-api\2.0.1\jakarta.inject-api-2.0.1.jar;C:\Users\davim_mbbj75c\.m2\repository\org\antlr\antlr4-runtime\4.13.0\antlr4-runtime-4.13.0.jar;C:\Users\davim_mbbj75c\.m2\repository\org\springframework\data\spring-data-jpa\3.2.1\spring-data-jpa-3.2.1.jar;C:\Users\davim_mbbj75c\.m2\repository\org\springframework\data\spring-data-commons\3.2.1\spring-data-commons-3.2.1.jar;C:\Users\davim_mbbj75c\.m2\repository\org\springframework\spring-orm\6.1.2\spring-orm-6.1.2.jar;C:\Users\davim_mbbj75c\.m2\repository\org\springframework\spring-context\6.1.2\spring-context-6.1.2.jar;C:\Users\davim_mbbj75c\.m2\repository\org\springframework\spring-tx\6.1.2\spring-tx-6.1.2.jar;C:\Users\davim_mbbj75c\.m2\repository\org\springframework\spring-beans\6.1.2\spring-beans-6.1.2.jar;C:\Users\davim_mbbj75c\.m2\repository\jakarta\annotation\jakarta.annotation-api\2.1.1\jakarta.annotation-api-2.1.1.jar;C:\Users\davim_mbbj75c\.m2\repository\org\slf4j\slf4j-api\2.0.9\slf4j-api-2.0.9.jar;C:\Users\davim_mbbj75c\.m2\repository\org\springframework\spring-aspects\6.1.2\spring-aspects-6.1.2.jar;C:\Users\davim_mbbj75c\.m2\repository\org\springframework\boot\spring-boot-starter-web\3.2.1\spring-boot-starter-web-3.2.1.jar;C:\Users\davim_mbbj75c\.m2\repository\org\springframework\boot\spring-boot-starter\3.2.1\spring-boot-starter-3.2.1.jar;C:\Users\davim_mbbj75c\.m2\repository\org\springframework\boot\spring-boot\3.2.1\spring-boot-3.2.1.jar;C:\Users\davim_mbbj75c\.m2\repository\org\springframework\boot\spring-boot-autoconfigure\3.2.1\spring-boot-autoconfigure-3.2.1.jar;C:\Users\davim_mbbj75c\.m2\repository\org\springframework\boot\spring-boot-starter-logging\3.2.1\spring-boot-starter-logging-3.2.1.jar;C:\Users\davim_mbbj75c\.m2\repository\ch\qos\logback\logback-classic\1.4.14\logback-classic-1.4.14.jar;C:\Users\davim_mbbj75c\.m2\repository\ch\qos\logback\logback-core\1.4.14\logback-core-1.4.14.jar;C:\Users\davim_mbbj75c\.m2\repository\org\apache\logging\log4j\log4j-to-slf4j\2.21.1\log4j-to-slf4j-2.21.1.jar;C:\Users\davim_mbbj75c\.m2\repository\org\apache\logging\log4j\log4j-api\2.21.1\log4j-api-2.21.1.jar;C:\Users\davim_mbbj75c\.m2\repository\org\slf4j\jul-to-slf4j\2.0.9\jul-to-slf4j-2.0.9.jar;C:\Users\davim_mbbj75c\.m2\repository\org\yaml\snakeyaml\2.2\snakeyaml-2.2.jar;C:\Users\davim_mbbj75c\.m2\repository\org\springframework\boot\spring-boot-starter-json\3.2.1\spring-boot-starter-json-3.2.1.jar;C:\Users\davim_mbbj75c\.m2\repository\com\fasterxml\jackson\core\jackson-databind\2.15.3\jackson-databind-2.15.3.jar;C:\Users\davim_mbbj75c\.m2\repository\com\fasterxml\jackson\core\jackson-annotations\2.15.3\jackson-annotations-2.15.3.jar;C:\Users\davim_mbbj75c\.m2\repository\com\fasterxml\jackson\core\jackson-core\2.15.3\jackson-core-2.15.3.jar;C:\Users\davim_mbbj75c\.m2\repository\com\fasterxml\jackson\datatype\jackson-datatype-jdk8\2.15.3\jackson-datatype-jdk8-2.15.3.jar;C:\Users\davim_mbbj75c\.m2\repository\com\fasterxml\jackson\datatype\jackson-datatype-jsr310\2.15.3\jackson-datatype-jsr310-2.15.3.jar;C:\Users\davim_mbbj75c\.m2\repository\com\fasterxml\jackson\module\jackson-module-parameter-names\2.15.3\jackson-module-parameter-names-2.15.3.jar;C:\Users\davim_mbbj75c\.m2\repository\org\springframework\boot\spring-boot-starter-tomcat\3.2.1\spring-boot-starter-tomcat-3.2.1.jar;C:\Users\davim_mbbj75c\.m2\repository\org\apache\tomcat\embed\tomcat-embed-core\10.1.17\tomcat-embed-core-10.1.17.jar;C:\Users\davim_mbbj75c\.m2\repository\org\apache\tomcat\embed\tomcat-embed-el\10.1.17\tomcat-embed-el-10.1.17.jar;C:\Users\davim_mbbj75c\.m2\repository\org\apache\tomcat\embed\tomcat-embed-websocket\10.1.17\tomcat-embed-websocket-10.1.17.jar;C:\Users\davim_mbbj75c\.m2\repository\org\springframework\spring-web\6.1.2\spring-web-6.1.2.jar;C:\Users\davim_mbbj75c\.m2\repository\io\micrometer\micrometer-observation\1.12.1\micrometer-observation-1.12.1.jar;C:\Users\davim_mbbj75c\.m2\repository\io\micrometer\micrometer-commons\1.12.1\micrometer-commons-1.12.1.jar;C:\Users\davim_mbbj75c\.m2\repository\org\springframework\spring-webmvc\6.1.2\spring-webmvc-6.1.2.jar;C:\Users\davim_mbbj75c\.m2\repository\org\springframework\spring-expression\6.1.2\spring-expression-6.1.2.jar;C:\Users\davim_mbbj75c\.m2\repository\com\h2database\h2\2.2.224\h2-2.2.224.jar;C:\Users\davim_mbbj75c\.m2\repository\org\projectlombok\lombok\1.18.30\lombok-1.18.30.jar;C:\Users\davim_mbbj75c\.m2\repository\org\springframework\boot\spring-boot-starter-test\3.2.1\spring-boot-starter-test-3.2.1.jar;C:\Users\davim_mbbj75c\.m2\repository\org\springframework\boot\spring-boot-test\3.2.1\spring-boot-test-3.2.1.jar;C:\Users\davim_mbbj75c\.m2\repository\org\springframework\boot\spring-boot-test-autoconfigure\3.2.1\spring-boot-test-autoconfigure-3.2.1.jar;C:\Users\davim_mbbj75c\.m2\repository\com\jayway\jsonpath\json-path\2.8.0\json-path-2.8.0.jar;C:\Users\davim_mbbj75c\.m2\repository\jakarta\xml\bind\jakarta.xml.bind-api\4.0.1\jakarta.xml.bind-api-4.0.1.jar;C:\Users\davim_mbbj75c\.m2\repository\jakarta\activation\jakarta.activation-api\2.1.2\jakarta.activation-api-2.1.2.jar;C:\Users\davim_mbbj75c\.m2\repository\net\minidev\json-smart\2.5.0\json-smart-2.5.0.jar;C:\Users\davim_mbbj75c\.m2\repository\net\minidev\accessors-smart\2.5.0\accessors-smart-2.5.0.jar;C:\Users\davim_mbbj75c\.m2\repository\org\ow2\asm\asm\9.3\asm-9.3.jar;C:\Users\davim_mbbj75c\.m2\repository\org\assertj\assertj-core\3.24.2\assertj-core-3.24.2.jar;C:\Users\davim_mbbj75c\.m2\repository\org\awaitility\awaitility\4.2.0\awaitility-4.2.0.jar;C:\Users\davim_mbbj75c\.m2\repository\org\hamcrest\hamcrest\2.2\hamcrest-2.2.jar;C:\Users\davim_mbbj75c\.m2\repository\org\junit\jupiter\junit-jupiter\5.10.1\junit-jupiter-5.10.1.jar;C:\Users\davim_mbbj75c\.m2\repository\org\junit\jupiter\junit-jupiter-api\5.10.1\junit-jupiter-api-5.10.1.jar;C:\Users\davim_mbbj75c\.m2\repository\org\opentest4j\opentest4j\1.3.0\opentest4j-1.3.0.jar;C:\Users\davim_mbbj75c\.m2\repository\org\junit\platform\junit-platform-commons\1.10.1\junit-platform-commons-1.10.1.jar;C:\Users\davim_mbbj75c\.m2\repository\org\apiguardian\apiguardian-api\1.1.2\apiguardian-api-1.1.2.jar;C:\Users\davim_mbbj75c\.m2\repository\org\junit\jupiter\junit-jupiter-params\5.10.1\junit-jupiter-params-5.10.1.jar;C:\Users\davim_mbbj75c\.m2\repository\org\junit\jupiter\junit-jupiter-engine\5.10.1\junit-jupiter-engine-5.10.1.jar;C:\Users\davim_mbbj75c\.m2\repository\org\junit\platform\junit-platform-engine\1.10.1\junit-platform-engine-1.10.1.jar;C:\Users\davim_mbbj75c\.m2\repository\org\mockito\mockito-core\5.7.0\mockito-core-5.7.0.jar;C:\Users\davim_mbbj75c\.m2\repository\net\bytebuddy\byte-buddy-agent\1.14.10\byte-buddy-agent-1.14.10.jar;C:\Users\davim_mbbj75c\.m2\repository\org\objenesis\objenesis\3.3\objenesis-3.3.jar;C:\Users\davim_mbbj75c\.m2\repository\org\mockito\mockito-junit-jupiter\5.7.0\mockito-junit-jupiter-5.7.0.jar;C:\Users\davim_mbbj75c\.m2\repository\org\skyscreamer\jsonassert\1.5.1\jsonassert-1.5.1.jar;C:\Users\davim_mbbj75c\.m2\repository\com\vaadin\external\google\android-json\0.0.20131108.vaadin1\android-json-0.0.20131108.vaadin1.jar;C:\Users\davim_mbbj75c\.m2\repository\org\springframework\spring-core\6.1.2\spring-core-6.1.2.jar;C:\Users\davim_mbbj75c\.m2\repository\org\springframework\spring-jcl\6.1.2\spring-jcl-6.1.2.jar;C:\Users\davim_mbbj75c\.m2\repository\org\springframework\spring-test\6.1.2\spring-test-6.1.2.jar;C:\Users\davim_mbbj75c\.m2\repository\org\xmlunit\xmlunit-core\2.9.1\xmlunit-core-2.9.1.jar;C:\Users\davim_mbbj75c\.m2\repository\org\mapstruct\mapstruct\1.5.5.Final\mapstruct-1.5.5.Final.jar;"/>
    <property name="java.vm.vendor" value="Oracle Corporation"/>
    <property name="sun.arch.data.model" value="64"/>
    <property name="user.variant" value=""/>
    <property name="java.vendor.url" value="https://java.oracle.com/"/>
    <property name="user.timezone" value="Europe/Zurich"/>
    <property name="org.jboss.logging.provider" value="slf4j"/>
    <property name="os.name" value="Windows 11"/>
    <property name="java.vm.specification.version" value="19"/>
    <property name="sun.java.launcher" value="SUN_STANDARD"/>
    <property name="user.country" value="CH"/>
    <property name="sun.boot.library.path" value="C:\Program Files\Java\jdk-19\bin"/>
    <property name="sun.java.command" value="C:\Users\davim_mbbj75c\AppData\Local\Temp\surefire976213157620810564\surefirebooter17215832122178070.jar C:\Users\davim_mbbj75c\AppData\Local\Temp\surefire976213157620810564 2025-01-27T10-54-07_325-jvmRun1 surefire12249576830234213350tmp surefire_03542193658923343701tmp"/>
    <property name="jdk.debug" value="release"/>
    <property name="surefire.test.class.path" value="C:\dev\m450\M405_DiLeo_Meyer\uebungen\6\recipe-planner-fronend-and-backend\recipe-planner-backend\target\test-classes;C:\dev\m450\M405_DiLeo_Meyer\uebungen\6\recipe-planner-fronend-and-backend\recipe-planner-backend\target\classes;C:\Users\davim_mbbj75c\.m2\repository\org\springframework\boot\spring-boot-starter-data-jpa\3.2.1\spring-boot-starter-data-jpa-3.2.1.jar;C:\Users\davim_mbbj75c\.m2\repository\org\springframework\boot\spring-boot-starter-aop\3.2.1\spring-boot-starter-aop-3.2.1.jar;C:\Users\davim_mbbj75c\.m2\repository\org\springframework\spring-aop\6.1.2\spring-aop-6.1.2.jar;C:\Users\davim_mbbj75c\.m2\repository\org\aspectj\aspectjweaver\1.9.21\aspectjweaver-1.9.21.jar;C:\Users\davim_mbbj75c\.m2\repository\org\springframework\boot\spring-boot-starter-jdbc\3.2.1\spring-boot-starter-jdbc-3.2.1.jar;C:\Users\davim_mbbj75c\.m2\repository\com\zaxxer\HikariCP\5.0.1\HikariCP-5.0.1.jar;C:\Users\davim_mbbj75c\.m2\repository\org\springframework\spring-jdbc\6.1.2\spring-jdbc-6.1.2.jar;C:\Users\davim_mbbj75c\.m2\repository\org\hibernate\orm\hibernate-core\6.4.1.Final\hibernate-core-6.4.1.Final.jar;C:\Users\davim_mbbj75c\.m2\repository\jakarta\persistence\jakarta.persistence-api\3.1.0\jakarta.persistence-api-3.1.0.jar;C:\Users\davim_mbbj75c\.m2\repository\jakarta\transaction\jakarta.transaction-api\2.0.1\jakarta.transaction-api-2.0.1.jar;C:\Users\davim_mbbj75c\.m2\repository\org\jboss\logging\jboss-logging\3.5.3.Final\jboss-logging-3.5.3.Final.jar;C:\Users\davim_mbbj75c\.m2\repository\org\hibernate\common\hibernate-commons-annotations\6.0.6.Final\hibernate-commons-annotations-6.0.6.Final.jar;C:\Users\davim_mbbj75c\.m2\repository\io\smallrye\jandex\3.1.2\jandex-3.1.2.jar;C:\Users\davim_mbbj75c\.m2\repository\com\fasterxml\classmate\1.6.0\classmate-1.6.0.jar;C:\Users\davim_mbbj75c\.m2\repository\net\bytebuddy\byte-buddy\1.14.10\byte-buddy-1.14.10.jar;C:\Users\davim_mbbj75c\.m2\repository\org\glassfish\jaxb\jaxb-runtime\4.0.4\jaxb-runtime-4.0.4.jar;C:\Users\davim_mbbj75c\.m2\repository\org\glassfish\jaxb\jaxb-core\4.0.4\jaxb-core-4.0.4.jar;C:\Users\davim_mbbj75c\.m2\repository\org\eclipse\angus\angus-activation\2.0.1\angus-activation-2.0.1.jar;C:\Users\davim_mbbj75c\.m2\repository\org\glassfish\jaxb\txw2\4.0.4\txw2-4.0.4.jar;C:\Users\davim_mbbj75c\.m2\repository\com\sun\istack\istack-commons-runtime\4.1.2\istack-commons-runtime-4.1.2.jar;C:\Users\davim_mbbj75c\.m2\repository\jakarta\inject\jakarta.inject-api\2.0.1\jakarta.inject-api-2.0.1.jar;C:\Users\davim_mbbj75c\.m2\repository\org\antlr\antlr4-runtime\4.13.0\antlr4-runtime-4.13.0.jar;C:\Users\davim_mbbj75c\.m2\repository\org\springframework\data\spring-data-jpa\3.2.1\spring-data-jpa-3.2.1.jar;C:\Users\davim_mbbj75c\.m2\repository\org\springframework\data\spring-data-commons\3.2.1\spring-data-commons-3.2.1.jar;C:\Users\davim_mbbj75c\.m2\repository\org\springframework\spring-orm\6.1.2\spring-orm-6.1.2.jar;C:\Users\davim_mbbj75c\.m2\repository\org\springframework\spring-context\6.1.2\spring-context-6.1.2.jar;C:\Users\davim_mbbj75c\.m2\repository\org\springframework\spring-tx\6.1.2\spring-tx-6.1.2.jar;C:\Users\davim_mbbj75c\.m2\repository\org\springframework\spring-beans\6.1.2\spring-beans-6.1.2.jar;C:\Users\davim_mbbj75c\.m2\repository\jakarta\annotation\jakarta.annotation-api\2.1.1\jakarta.annotation-api-2.1.1.jar;C:\Users\davim_mbbj75c\.m2\repository\org\slf4j\slf4j-api\2.0.9\slf4j-api-2.0.9.jar;C:\Users\davim_mbbj75c\.m2\repository\org\springframework\spring-aspects\6.1.2\spring-aspects-6.1.2.jar;C:\Users\davim_mbbj75c\.m2\repository\org\springframework\boot\spring-boot-starter-web\3.2.1\spring-boot-starter-web-3.2.1.jar;C:\Users\davim_mbbj75c\.m2\repository\org\springframework\boot\spring-boot-starter\3.2.1\spring-boot-starter-3.2.1.jar;C:\Users\davim_mbbj75c\.m2\repository\org\springframework\boot\spring-boot\3.2.1\spring-boot-3.2.1.jar;C:\Users\davim_mbbj75c\.m2\repository\org\springframework\boot\spring-boot-autoconfigure\3.2.1\spring-boot-autoconfigure-3.2.1.jar;C:\Users\davim_mbbj75c\.m2\repository\org\springframework\boot\spring-boot-starter-logging\3.2.1\spring-boot-starter-logging-3.2.1.jar;C:\Users\davim_mbbj75c\.m2\repository\ch\qos\logback\logback-classic\1.4.14\logback-classic-1.4.14.jar;C:\Users\davim_mbbj75c\.m2\repository\ch\qos\logback\logback-core\1.4.14\logback-core-1.4.14.jar;C:\Users\davim_mbbj75c\.m2\repository\org\apache\logging\log4j\log4j-to-slf4j\2.21.1\log4j-to-slf4j-2.21.1.jar;C:\Users\davim_mbbj75c\.m2\repository\org\apache\logging\log4j\log4j-api\2.21.1\log4j-api-2.21.1.jar;C:\Users\davim_mbbj75c\.m2\repository\org\slf4j\jul-to-slf4j\2.0.9\jul-to-slf4j-2.0.9.jar;C:\Users\davim_mbbj75c\.m2\repository\org\yaml\snakeyaml\2.2\snakeyaml-2.2.jar;C:\Users\davim_mbbj75c\.m2\repository\org\springframework\boot\spring-boot-starter-json\3.2.1\spring-boot-starter-json-3.2.1.jar;C:\Users\davim_mbbj75c\.m2\repository\com\fasterxml\jackson\core\jackson-databind\2.15.3\jackson-databind-2.15.3.jar;C:\Users\davim_mbbj75c\.m2\repository\com\fasterxml\jackson\core\jackson-annotations\2.15.3\jackson-annotations-2.15.3.jar;C:\Users\davim_mbbj75c\.m2\repository\com\fasterxml\jackson\core\jackson-core\2.15.3\jackson-core-2.15.3.jar;C:\Users\davim_mbbj75c\.m2\repository\com\fasterxml\jackson\datatype\jackson-datatype-jdk8\2.15.3\jackson-datatype-jdk8-2.15.3.jar;C:\Users\davim_mbbj75c\.m2\repository\com\fasterxml\jackson\datatype\jackson-datatype-jsr310\2.15.3\jackson-datatype-jsr310-2.15.3.jar;C:\Users\davim_mbbj75c\.m2\repository\com\fasterxml\jackson\module\jackson-module-parameter-names\2.15.3\jackson-module-parameter-names-2.15.3.jar;C:\Users\davim_mbbj75c\.m2\repository\org\springframework\boot\spring-boot-starter-tomcat\3.2.1\spring-boot-starter-tomcat-3.2.1.jar;C:\Users\davim_mbbj75c\.m2\repository\org\apache\tomcat\embed\tomcat-embed-core\10.1.17\tomcat-embed-core-10.1.17.jar;C:\Users\davim_mbbj75c\.m2\repository\org\apache\tomcat\embed\tomcat-embed-el\10.1.17\tomcat-embed-el-10.1.17.jar;C:\Users\davim_mbbj75c\.m2\repository\org\apache\tomcat\embed\tomcat-embed-websocket\10.1.17\tomcat-embed-websocket-10.1.17.jar;C:\Users\davim_mbbj75c\.m2\repository\org\springframework\spring-web\6.1.2\spring-web-6.1.2.jar;C:\Users\davim_mbbj75c\.m2\repository\io\micrometer\micrometer-observation\1.12.1\micrometer-observation-1.12.1.jar;C:\Users\davim_mbbj75c\.m2\repository\io\micrometer\micrometer-commons\1.12.1\micrometer-commons-1.12.1.jar;C:\Users\davim_mbbj75c\.m2\repository\org\springframework\spring-webmvc\6.1.2\spring-webmvc-6.1.2.jar;C:\Users\davim_mbbj75c\.m2\repository\org\springframework\spring-expression\6.1.2\spring-expression-6.1.2.jar;C:\Users\davim_mbbj75c\.m2\repository\com\h2database\h2\2.2.224\h2-2.2.224.jar;C:\Users\davim_mbbj75c\.m2\repository\org\projectlombok\lombok\1.18.30\lombok-1.18.30.jar;C:\Users\davim_mbbj75c\.m2\repository\org\springframework\boot\spring-boot-starter-test\3.2.1\spring-boot-starter-test-3.2.1.jar;C:\Users\davim_mbbj75c\.m2\repository\org\springframework\boot\spring-boot-test\3.2.1\spring-boot-test-3.2.1.jar;C:\Users\davim_mbbj75c\.m2\repository\org\springframework\boot\spring-boot-test-autoconfigure\3.2.1\spring-boot-test-autoconfigure-3.2.1.jar;C:\Users\davim_mbbj75c\.m2\repository\com\jayway\jsonpath\json-path\2.8.0\json-path-2.8.0.jar;C:\Users\davim_mbbj75c\.m2\repository\jakarta\xml\bind\jakarta.xml.bind-api\4.0.1\jakarta.xml.bind-api-4.0.1.jar;C:\Users\davim_mbbj75c\.m2\repository\jakarta\activation\jakarta.activation-api\2.1.2\jakarta.activation-api-2.1.2.jar;C:\Users\davim_mbbj75c\.m2\repository\net\minidev\json-smart\2.5.0\json-smart-2.5.0.jar;C:\Users\davim_mbbj75c\.m2\repository\net\minidev\accessors-smart\2.5.0\accessors-smart-2.5.0.jar;C:\Users\davim_mbbj75c\.m2\repository\org\ow2\asm\asm\9.3\asm-9.3.jar;C:\Users\davim_mbbj75c\.m2\repository\org\assertj\assertj-core\3.24.2\assertj-core-3.24.2.jar;C:\Users\davim_mbbj75c\.m2\repository\org\awaitility\awaitility\4.2.0\awaitility-4.2.0.jar;C:\Users\davim_mbbj75c\.m2\repository\org\hamcrest\hamcrest\2.2\hamcrest-2.2.jar;C:\Users\davim_mbbj75c\.m2\repository\org\junit\jupiter\junit-jupiter\5.10.1\junit-jupiter-5.10.1.jar;C:\Users\davim_mbbj75c\.m2\repository\org\junit\jupiter\junit-jupiter-api\5.10.1\junit-jupiter-api-5.10.1.jar;C:\Users\davim_mbbj75c\.m2\repository\org\opentest4j\opentest4j\1.3.0\opentest4j-1.3.0.jar;C:\Users\davim_mbbj75c\.m2\repository\org\junit\platform\junit-platform-commons\1.10.1\junit-platform-commons-1.10.1.jar;C:\Users\davim_mbbj75c\.m2\repository\org\apiguardian\apiguardian-api\1.1.2\apiguardian-api-1.1.2.jar;C:\Users\davim_mbbj75c\.m2\repository\org\junit\jupiter\junit-jupiter-params\5.10.1\junit-jupiter-params-5.10.1.jar;C:\Users\davim_mbbj75c\.m2\repository\org\junit\jupiter\junit-jupiter-engine\5.10.1\junit-jupiter-engine-5.10.1.jar;C:\Users\davim_mbbj75c\.m2\repository\org\junit\platform\junit-platform-engine\1.10.1\junit-platform-engine-1.10.1.jar;C:\Users\davim_mbbj75c\.m2\repository\org\mockito\mockito-core\5.7.0\mockito-core-5.7.0.jar;C:\Users\davim_mbbj75c\.m2\repository\net\bytebuddy\byte-buddy-agent\1.14.10\byte-buddy-agent-1.14.10.jar;C:\Users\davim_mbbj75c\.m2\repository\org\objenesis\objenesis\3.3\objenesis-3.3.jar;C:\Users\davim_mbbj75c\.m2\repository\org\mockito\mockito-junit-jupiter\5.7.0\mockito-junit-jupiter-5.7.0.jar;C:\Users\davim_mbbj75c\.m2\repository\org\skyscreamer\jsonassert\1.5.1\jsonassert-1.5.1.jar;C:\Users\davim_mbbj75c\.m2\repository\com\vaadin\external\google\android-json\0.0.20131108.vaadin1\android-json-0.0.20131108.vaadin1.jar;C:\Users\davim_mbbj75c\.m2\repository\org\springframework\spring-core\6.1.2\spring-core-6.1.2.jar;C:\Users\davim_mbbj75c\.m2\repository\org\springframework\spring-jcl\6.1.2\spring-jcl-6.1.2.jar;C:\Users\davim_mbbj75c\.m2\repository\org\springframework\spring-test\6.1.2\spring-test-6.1.2.jar;C:\Users\davim_mbbj75c\.m2\repository\org\xmlunit\xmlunit-core\2.9.1\xmlunit-core-2.9.1.jar;C:\Users\davim_mbbj75c\.m2\repository\org\mapstruct\mapstruct\1.5.5.Final\mapstruct-1.5.5.Final.jar;"/>
    <property name="sun.cpu.endian" value="little"/>
    <property name="user.home" value="C:\Users\davim_mbbj75c"/>
    <property name="user.language" value="de"/>
    <property name="java.specification.vendor" value="Oracle Corporation"/>
    <property name="java.version.date" value="2022-10-18"/>
    <property name="java.home" value="C:\Program Files\Java\jdk-19"/>
    <property name="file.separator" value="\"/>
    <property name="basedir" value="C:\dev\m450\M405_DiLeo_Meyer\uebungen\6\recipe-planner-fronend-and-backend\recipe-planner-backend"/>
    <property name="java.vm.compressedOopsMode" value="Zero based"/>
    <property name="line.separator" value="&#10;"/>
    <property name="java.vm.specification.vendor" value="Oracle Corporation"/>
    <property name="java.specification.name" value="Java Platform API Specification"/>
    <property name="FILE_LOG_CHARSET" value="UTF-8"/>
    <property name="java.awt.headless" value="true"/>
    <property name="surefire.real.class.path" value="C:\Users\davim_mbbj75c\AppData\Local\Temp\surefire976213157620810564\surefirebooter17215832122178070.jar"/>
    <property name="user.script" value=""/>
    <property name="sun.management.compiler" value="HotSpot 64-Bit Tiered Compilers"/>
    <property name="java.runtime.version" value="19.0.1+10-21"/>
    <property name="user.name" value="davim_mbbj75c"/>
    <property name="stdout.encoding" value="Cp1252"/>
    <property name="path.separator" value=";"/>
    <property name="os.version" value="10.0"/>
    <property name="java.runtime.name" value="Java(TM) SE Runtime Environment"/>
    <property name="file.encoding" value="UTF-8"/>
    <property name="java.vm.name" value="Java HotSpot(TM) 64-Bit Server VM"/>
    <property name="localRepository" value="C:\Users\davim_mbbj75c\.m2\repository"/>
    <property name="java.vendor.url.bug" value="https://bugreport.java.com/bugreport/"/>
    <property name="java.io.tmpdir" value="C:\Users\DAVIM_~1\AppData\Local\Temp\"/>
    <property name="idea.version" value="2022.2.3"/>
    <property name="com.zaxxer.hikari.pool_number" value="1"/>
    <property name="java.version" value="19.0.1"/>
    <property name="user.dir" value="C:\dev\m450\M405_DiLeo_Meyer\uebungen\6\recipe-planner-fronend-and-backend\recipe-planner-backend"/>
    <property name="os.arch" value="amd64"/>
    <property name="java.vm.specification.name" value="Java Virtual Machine Specification"/>
    <property name="PID" value="1504"/>
    <property name="sun.os.patch.level" value=""/>
    <property name="CONSOLE_LOG_CHARSET" value="UTF-8"/>
    <property name="native.encoding" value="Cp1252"/>
    <property name="java.library.path" value="C:\Program Files\Java\jdk-19\bin;C:\WINDOWS\Sun\Java\bin;C:\WINDOWS\system32;C:\WINDOWS;C:\Program Files\Common Files\Oracle\Java\javapath;C:\Windows\system32;C:\Windows;C:\Windows\System32\Wbem;C:\Windows\System32\WindowsPowerShell\v1.0\;C:\Windows\System32\OpenSSH\;C:\Program Files (x86)\NVIDIA Corporation\PhysX\Common;C:\WINDOWS\system32;C:\WINDOWS;C:\WINDOWS\System32\Wbem;C:\WINDOWS\System32\WindowsPowerShell\v1.0\;C:\WINDOWS\System32\OpenSSH\;C:\Program Files\dotnet\;C:\Program Files\Git\cmd;C:\Program Files\Java\jdk-19\bin;C:\Program Files\nodejs\;C:\Program Files (x86)\Gpg4win\..\GnuPG\bin;C:\Program Files\Docker\Docker\resources\bin;C:\dev\mvn\bin;C:\Users\davim_mbbj75c\AppData\Local\Microsoft\WindowsApps;;C:\Users\davim_mbbj75c\AppData\Local\Programs\Microsoft VS Code\bin;C:\Users\davim_mbbj75c\AppData\Roaming\npm;."/>
    <property name="java.vm.info" value="mixed mode, sharing"/>
    <property name="stderr.encoding" value="Cp1252"/>
    <property name="java.vendor" value="Oracle Corporation"/>
    <property name="java.vm.version" value="19.0.1+10-21"/>
    <property name="sun.io.unicode.encoding" value="UnicodeLittle"/>
    <property name="java.class.version" value="63.0"/>
  </properties>
  <testcase name="getRecipe_shouldReturnRecipeById" classname="RecipeControllerTest" time="0.492">
    <system-out><![CDATA[
  .   ____          _            __ _ _
 /\\ / ___'_ __ _ _(_)_ __  __ _ \ \ \ \
( ( )\___ | '_ | '_| | '_ \/ _` | \ \ \ \
 \\/  ___)| |_)| | | | | || (_| |  ) ) ) )
  '  |____| .__|_| |_|_| |_\__, | / / / /
 =========|_|==============|___/=/_/_/_/
 :: Spring Boot ::                (v3.2.1)

2025-01-27T10:54:14.292+01:00  INFO 1504 --- [           main] RecipeControllerTest                     : Starting RecipeControllerTest using Java 19.0.1 with PID 1504 (started by davim_mbbj75c in C:\dev\m450\M405_DiLeo_Meyer\uebungen\6\recipe-planner-fronend-and-backend\recipe-planner-backend)
2025-01-27T10:54:14.292+01:00  INFO 1504 --- [           main] RecipeControllerTest                     : No active profile set, falling back to 1 default profile: "default"
2025-01-27T10:54:16.660+01:00  INFO 1504 --- [           main] .s.d.r.c.RepositoryConfigurationDelegate : Bootstrapping Spring Data JPA repositories in DEFAULT mode.
2025-01-27T10:54:16.895+01:00  INFO 1504 --- [           main] .s.d.r.c.RepositoryConfigurationDelegate : Finished Spring Data repository scanning in 203 ms. Found 1 JPA repository interface.
2025-01-27T10:54:23.175+01:00  INFO 1504 --- [           main] com.zaxxer.hikari.HikariDataSource       : HikariPool-1 - Starting...
2025-01-27T10:54:24.261+01:00  INFO 1504 --- [           main] com.zaxxer.hikari.pool.HikariPool        : HikariPool-1 - Added connection conn0: url=jdbc:h2:mem:mydb user=SA
2025-01-27T10:54:24.261+01:00  INFO 1504 --- [           main] com.zaxxer.hikari.HikariDataSource       : HikariPool-1 - Start completed.
2025-01-27T10:54:24.956+01:00  INFO 1504 --- [           main] o.hibernate.jpa.internal.util.LogHelper  : HHH000204: Processing PersistenceUnitInfo [name: default]
2025-01-27T10:54:25.415+01:00  INFO 1504 --- [           main] org.hibernate.Version                    : HHH000412: Hibernate ORM core version 6.4.1.Final
2025-01-27T10:54:25.655+01:00  INFO 1504 --- [           main] o.h.c.internal.RegionFactoryInitiator    : HHH000026: Second-level cache disabled
2025-01-27T10:54:26.237+01:00  INFO 1504 --- [           main] o.s.o.j.p.SpringPersistenceUnitInfo      : No LoadTimeWeaver setup: ignoring JPA class transformer
2025-01-27T10:54:29.724+01:00  INFO 1504 --- [           main] o.h.e.t.j.p.i.JtaPlatformInitiator       : HHH000489: No JTA platform available (set 'hibernate.transaction.jta.platform' to enable JTA platform integration)
2025-01-27T10:54:29.882+01:00  INFO 1504 --- [           main] j.LocalContainerEntityManagerFactoryBean : Initialized JPA EntityManagerFactory for persistence unit 'default'
2025-01-27T10:54:31.962+01:00  WARN 1504 --- [           main] JpaBaseConfiguration$JpaWebConfiguration : spring.jpa.open-in-view is enabled by default. Therefore, database queries may be performed during view rendering. Explicitly configure spring.jpa.open-in-view to disable this warning
2025-01-27T10:54:33.236+01:00  INFO 1504 --- [           main] o.s.b.a.h2.H2ConsoleAutoConfiguration    : H2 console available at '/h2-console'. Database available at 'jdbc:h2:mem:mydb'
2025-01-27T10:54:33.484+01:00  INFO 1504 --- [           main] o.s.b.t.m.w.SpringBootMockServletContext : Initializing Spring TestDispatcherServlet ''
2025-01-27T10:54:33.484+01:00  INFO 1504 --- [           main] o.s.t.web.servlet.TestDispatcherServlet  : Initializing Servlet ''
2025-01-27T10:54:33.484+01:00  INFO 1504 --- [           main] o.s.t.web.servlet.TestDispatcherServlet  : Completed initialization in 0 ms
2025-01-27T10:54:33.614+01:00  INFO 1504 --- [           main] RecipeControllerTest                     : Started RecipeControllerTest in 20.483 seconds (process running for 24.418)
2025-01-27T10:54:34.708+01:00  INFO 1504 --- [           main] c.t.r.planner.RecipePlannerApplication   : RecipeEntity(id=f30cf872-0853-4c66-8b7a-5eae690e541b, name=Lasagne al Forno, description=Lorem ipsum dolor sit amet, consectetur adipiscing elit, sed do eiusmod tempor incididunt ut labore et dolore magna aliqua., imageUrl=https://www.deliciousmagazine.co.uk/wp-content/uploads/2020/01/lasagne.jpg, ingredients=[IngredientEntity(id=89e98fa8-66d9-44e6-957d-03e939cd1ca5, name=Tomato, comment=The big ones, unit=PIECE, amount=5)])
2025-01-27T10:54:34.708+01:00  INFO 1504 --- [           main] c.t.r.planner.RecipePlannerApplication   : RecipeEntity(id=ba48897f-ac8a-4b83-a145-0040bf8d992b, name=Spaghetti Bolognese, description=Lorem ipsum dolor sit amet, consectetur adipiscing elit, sed do eiusmod tempor incididunt ut labore et dolore magna aliqua., imageUrl=https://img.taste.com.au/5qlr1PkR/taste/2016/11/spaghetti-bolognese-106560-1.jpeg, ingredients=[IngredientEntity(id=a7ee1278-bbbe-452d-a73a-266ff6721026, name=Tomato, comment=The big ones, unit=PIECE, amount=5)])
2025-01-27T10:54:34.708+01:00  INFO 1504 --- [           main] c.t.r.planner.RecipePlannerApplication   : RecipeEntity(id=19e36507-6162-41fb-9c18-892ac3f32f36, name=Fried Rice, description=Lorem ipsum dolor sit amet, consectetur adipiscing elit, sed do eiusmod tempor incididunt ut labore et dolore magna aliqua., imageUrl=https://img.freepik.com/free-photo/grilled-gourmet-burger-with-cheese-tomato-onion-french-fries-generated-by-artificial-intelligence_25030-63181.jpg, ingredients=[IngredientEntity(id=2d311be3-d32d-4619-bf09-91a693b32823, name=Tomato, comment=The big ones, unit=PIECE, amount=5)])
2025-01-27T10:54:34.708+01:00  INFO 1504 --- [           main] c.t.r.planner.RecipePlannerApplication   : RecipeEntity(id=40b6b0bb-b4c0-4c5d-928e-9a4ec161734b, name=Spaghetti Bolognese, description=Lorem ipsum dolor sit amet, consectetur adipiscing elit, sed do eiusmod tempor incididunt ut labore et dolore magna aliqua., imageUrl=https://recipeimages.migros.ch/crop/v-w-1200-h-630-a-center_center/ac38873942ada8c8154f0da0a748adf486a304d8/pommes-frites-0-16-9.jpg, ingredients=[IngredientEntity(id=14485d4c-5b69-49b3-bbbc-960910ead0eb, name=Tomato, comment=The big ones, unit=PIECE, amount=5)])
2025-01-27T10:54:34.708+01:00  INFO 1504 --- [           main] c.t.r.planner.RecipePlannerApplication   : RecipeEntity(id=e78f10c3-a1b1-4ee5-ba93-8e3d70ef2f93, name=Pommes Frites, description=Lorem ipsum dolor sit amet, consectetur adipiscing elit, sed do eiusmod tempor incididunt ut labore et dolore magna aliqua., imageUrl=https://img.taste.com.au/5qlr1PkR/taste/2016/11/spaghetti-bolognese-106560-1.jpeg, ingredients=[IngredientEntity(id=ba96d978-e90b-4884-842a-c3b048a2043c, name=Tomato, comment=The big ones, unit=PIECE, amount=5)])
2025-01-27T10:54:34.708+01:00  INFO 1504 --- [           main] c.t.r.planner.RecipePlannerApplication   : RecipeEntity(id=374d95de-06c4-4b39-9c58-f477c1d3c926, name=Lasagne al Forno, description=Lorem ipsum dolor sit amet, consectetur adipiscing elit, sed do eiusmod tempor incididunt ut labore et dolore magna aliqua., imageUrl=https://www.deliciousmagazine.co.uk/wp-content/uploads/2020/01/lasagne.jpg, ingredients=[IngredientEntity(id=eb1e7781-dd9b-4cb7-84ed-de98d975b205, name=Tomato, comment=The big ones, unit=PIECE, amount=5)])
2025-01-27T10:54:34.708+01:00  INFO 1504 --- [           main] c.t.r.planner.RecipePlannerApplication   : RecipeEntity(id=ff62371c-a887-432a-96b4-a3f4b589a61a, name=Spaghetti Bolognese, description=Lorem ipsum dolor sit amet, consectetur adipiscing elit, sed do eiusmod tempor incididunt ut labore et dolore magna aliqua., imageUrl=https://img.taste.com.au/5qlr1PkR/taste/2016/11/spaghetti-bolognese-106560-1.jpeg, ingredients=[IngredientEntity(id=5fe4b66a-a3e0-4d9b-ac40-83fd23a1d1b2, name=Tomato, comment=The big ones, unit=PIECE, amount=5)])
2025-01-27T10:54:34.708+01:00  INFO 1504 --- [           main] c.t.r.planner.RecipePlannerApplication   : RecipeEntity(id=18b6ef6d-a10a-4a0c-b8f4-d477640a9e23, name=Fried Rice, description=Lorem ipsum dolor sit amet, consectetur adipiscing elit, sed do eiusmod tempor incididunt ut labore et dolore magna aliqua., imageUrl=https://www.kitchensanctuary.com/wp-content/uploads/2020/04/Chicken-Fried-Rice-square-FS-.jpg, ingredients=[IngredientEntity(id=e09eb26f-f732-4775-b550-647ee1ed3a16, name=Tomato, comment=The big ones, unit=PIECE, amount=5)])
2025-01-27T10:54:34.708+01:00  INFO 1504 --- [           main] c.t.r.planner.RecipePlannerApplication   : RecipeEntity(id=88c4e628-e55e-4983-97b0-c09ae665720b, name=Spaghetti Bolognese, description=Lorem ipsum dolor sit amet, consectetur adipiscing elit, sed do eiusmod tempor incididunt ut labore et dolore magna aliqua., imageUrl=https://www.deliciousmagazine.co.uk/wp-content/uploads/2020/01/lasagne.jpg, ingredients=[IngredientEntity(id=f6174509-9828-47f9-9490-5a817b1523b2, name=Tomato, comment=The big ones, unit=PIECE, amount=5)])
2025-01-27T10:54:34.708+01:00  INFO 1504 --- [           main] c.t.r.planner.RecipePlannerApplication   : RecipeEntity(id=3f12ae26-873e-49e8-8824-24af951d0a80, name=Pommes Frites, description=Lorem ipsum dolor sit amet, consectetur adipiscing elit, sed do eiusmod tempor incididunt ut labore et dolore magna aliqua., imageUrl=https://img.taste.com.au/5qlr1PkR/taste/2016/11/spaghetti-bolognese-106560-1.jpeg, ingredients=[IngredientEntity(id=a273a538-1f0d-4473-a318-1ca28e9f1cc4, name=Tomato, comment=The big ones, unit=PIECE, amount=5)])
2025-01-27T10:54:34.708+01:00  INFO 1504 --- [           main] c.t.r.planner.RecipePlannerApplication   : RecipeEntity(id=ea494285-f853-4c47-acc9-c6bd4bce3583, name=Lasagne al Forno, description=Lorem ipsum dolor sit amet, consectetur adipiscing elit, sed do eiusmod tempor incididunt ut labore et dolore magna aliqua., imageUrl=https://www.kitchensanctuary.com/wp-content/uploads/2020/04/Chicken-Fried-Rice-square-FS-.jpg, ingredients=[IngredientEntity(id=c40220bf-3a56-4c6a-b866-a85e6fb3279a, name=Tomato, comment=The big ones, unit=PIECE, amount=5)])
2025-01-27T10:54:34.708+01:00  INFO 1504 --- [           main] c.t.r.planner.RecipePlannerApplication   : RecipeEntity(id=b5690f25-6282-49ae-ade3-ee857053b335, name=Spaghetti Bolognese, description=Lorem ipsum dolor sit amet, consectetur adipiscing elit, sed do eiusmod tempor incididunt ut labore et dolore magna aliqua., imageUrl=https://recipeimages.migros.ch/crop/v-w-1200-h-630-a-center_center/ac38873942ada8c8154f0da0a748adf486a304d8/pommes-frites-0-16-9.jpg, ingredients=[IngredientEntity(id=d3b09702-e144-449b-b202-8f60e1fb5e2a, name=Tomato, comment=The big ones, unit=PIECE, amount=5)])
2025-01-27T10:54:34.708+01:00  INFO 1504 --- [           main] c.t.r.planner.RecipePlannerApplication   : RecipeEntity(id=0807a8d8-1a56-4fd7-8ea2-035b280ff5bf, name=Fried Rice, description=Lorem ipsum dolor sit amet, consectetur adipiscing elit, sed do eiusmod tempor incididunt ut labore et dolore magna aliqua., imageUrl=https://www.kitchensanctuary.com/wp-content/uploads/2020/04/Chicken-Fried-Rice-square-FS-.jpg, ingredients=[IngredientEntity(id=46fe72a2-5966-4b3e-b66f-e167d25e7e38, name=Tomato, comment=The big ones, unit=PIECE, amount=5)])
2025-01-27T10:54:34.708+01:00  INFO 1504 --- [           main] c.t.r.planner.RecipePlannerApplication   : RecipeEntity(id=3691d801-c37d-4b4c-96c7-c88534a7fff3, name=Spaghetti Bolognese, description=Lorem ipsum dolor sit amet, consectetur adipiscing elit, sed do eiusmod tempor incididunt ut labore et dolore magna aliqua., imageUrl=https://recipeimages.migros.ch/crop/v-w-1200-h-630-a-center_center/ac38873942ada8c8154f0da0a748adf486a304d8/pommes-frites-0-16-9.jpg, ingredients=[IngredientEntity(id=5bcbcece-4edf-4751-b646-0c513c725043, name=Tomato, comment=The big ones, unit=PIECE, amount=5)])
2025-01-27T10:54:34.708+01:00  INFO 1504 --- [           main] c.t.r.planner.RecipePlannerApplication   : RecipeEntity(id=84fc3410-3fb2-48b3-be95-f1aa66e17733, name=Pommes Frites, description=Lorem ipsum dolor sit amet, consectetur adipiscing elit, sed do eiusmod tempor incididunt ut labore et dolore magna aliqua., imageUrl=https://img.freepik.com/free-photo/grilled-gourmet-burger-with-cheese-tomato-onion-french-fries-generated-by-artificial-intelligence_25030-63181.jpg, ingredients=[IngredientEntity(id=5d80a0c6-919c-4935-9262-8a55d9e7545a, name=Tomato, comment=The big ones, unit=PIECE, amount=5)])
]]></system-out>
  </testcase>
  <testcase name="getRecipes_shouldReturnListOfRecipes" classname="RecipeControllerTest" time="0.047"/>
  <testcase name="addRecipe_shouldReturnSavedRecipe" classname="RecipeControllerTest" time="0.128"/>
</testsuite>