<?xml version="1.0" encoding="UTF-8"?>
<testsuite xmlns:xsi="http://www.w3.org/2001/XMLSchema-instance" xsi:noNamespaceSchemaLocation="https://maven.apache.org/surefire/maven-surefire-plugin/xsd/surefire-test-report-3.0.xsd" version="3.0" name="RecipeControllerTest" time="5.447" tests="3" errors="0" skipped="0" failures="0">
  <properties>
    <property name="java.specification.version" value="19"/>
    <property name="sun.cpu.isalist" value="amd64"/>
    <property name="sun.jnu.encoding" value="Cp1252"/>
    <property name="java.class.path" value="C:\dev\m450\M405_DiLeo_Meyer\uebungen\6\recipe-planner-fronend-and-backend\recipe-planner-backend\target\test-classes;C:\dev\m450\M405_DiLeo_Meyer\uebungen\6\recipe-planner-fronend-and-backend\recipe-planner-backend\target\classes;C:\Users\davim_mbbj75c\.m2\repository\org\springframework\boot\spring-boot-starter-data-jpa\3.2.1\spring-boot-starter-data-jpa-3.2.1.jar;C:\Users\davim_mbbj75c\.m2\repository\org\springframework\boot\spring-boot-starter-aop\3.2.1\spring-boot-starter-aop-3.2.1.jar;C:\Users\davim_mbbj75c\.m2\repository\org\springframework\spring-aop\6.1.2\spring-aop-6.1.2.jar;C:\Users\davim_mbbj75c\.m2\repository\org\aspectj\aspectjweaver\1.9.21\aspectjweaver-1.9.21.jar;C:\Users\davim_mbbj75c\.m2\repository\org\springframework\boot\spring-boot-starter-jdbc\3.2.1\spring-boot-starter-jdbc-3.2.1.jar;C:\Users\davim_mbbj75c\.m2\repository\com\zaxxer\HikariCP\5.0.1\HikariCP-5.0.1.jar;C:\Users\davim_mbbj75c\.m2\repository\org\springframework\spring-jdbc\6.1.2\spring-jdbc-6.1.2.jar;C:\Users\davim_mbbj75c\.m2\repository\org\hibernate\orm\hibernate-core\6.4.1.Final\hibernate-core-6.4.1.Final.jar;C:\Users\davim_mbbj75c\.m2\repository\jakarta\persistence\jakarta.persistence-api\3.1.0\jakarta.persistence-api-3.1.0.jar;C:\Users\davim_mbbj75c\.m2\repository\jakarta\transaction\jakarta.transaction-api\2.0.1\jakarta.transaction-api-2.0.1.jar;C:\Users\davim_mbbj75c\.m2\repository\org\jboss\logging\jboss-logging\3.5.3.Final\jboss-logging-3.5.3.Final.jar;C:\Users\davim_mbbj75c\.m2\repository\org\hibernate\common\hibernate-commons-annotations\6.0.6.Final\hibernate-commons-annotations-6.0.6.Final.jar;C:\Users\davim_mbbj75c\.m2\repository\io\smallrye\jandex\3.1.2\jandex-3.1.2.jar;C:\Users\davim_mbbj75c\.m2\repository\com\fasterxml\classmate\1.6.0\classmate-1.6.0.jar;C:\Users\davim_mbbj75c\.m2\repository\net\bytebuddy\byte-buddy\1.14.10\byte-buddy-1.14.10.jar;C:\Users\davim_mbbj75c\.m2\repository\org\glassfish\jaxb\jaxb-runtime\4.0.4\jaxb-runtime-4.0.4.jar;C:\Users\davim_mbbj75c\.m2\repository\org\glassfish\jaxb\jaxb-core\4.0.4\jaxb-core-4.0.4.jar;C:\Users\davim_mbbj75c\.m2\repository\org\eclipse\angus\angus-activation\2.0.1\angus-activation-2.0.1.jar;C:\Users\davim_mbbj75c\.m2\repository\org\glassfish\jaxb\txw2\4.0.4\txw2-4.0.4.jar;C:\Users\davim_mbbj75c\.m2\repository\com\sun\istack\istack-commons-runtime\4.1.2\istack-commons-runtime-4.1.2.jar;C:\Users\davim_mbbj75c\.m2\repository\jakarta\inject\jakarta.inject-api\2.0.1\jakarta.inject-api-2.0.1.jar;C:\Users\davim_mbbj75c\.m2\repository\org\antlr\antlr4-runtime\4.13.0\antlr4-runtime-4.13.0.jar;C:\Users\davim_mbbj75c\.m2\repository\org\springframework\data\spring-data-jpa\3.2.1\spring-data-jpa-3.2.1.jar;C:\Users\davim_mbbj75c\.m2\repository\org\springframework\data\spring-data-commons\3.2.1\spring-data-commons-3.2.1.jar;C:\Users\davim_mbbj75c\.m2\repository\org\springframework\spring-orm\6.1.2\spring-orm-6.1.2.jar;C:\Users\davim_mbbj75c\.m2\repository\org\springframework\spring-context\6.1.2\spring-context-6.1.2.jar;C:\Users\davim_mbbj75c\.m2\repository\org\springframework\spring-tx\6.1.2\spring-tx-6.1.2.jar;C:\Users\davim_mbbj75c\.m2\repository\org\springframework\spring-beans\6.1.2\spring-beans-6.1.2.jar;C:\Users\davim_mbbj75c\.m2\repository\jakarta\annotation\jakarta.annotation-api\2.1.1\jakarta.annotation-api-2.1.1.jar;C:\Users\davim_mbbj75c\.m2\repository\org\slf4j\slf4j-api\2.0.9\slf4j-api-2.0.9.jar;C:\Users\davim_mbbj75c\.m2\repository\org\springframework\spring-aspects\6.1.2\spring-aspects-6.1.2.jar;C:\Users\davim_mbbj75c\.m2\repository\org\springframework\boot\spring-boot-starter-web\3.2.1\spring-boot-starter-web-3.2.1.jar;C:\Users\davim_mbbj75c\.m2\repository\org\springframework\boot\spring-boot-starter\3.2.1\spring-boot-starter-3.2.1.jar;C:\Users\davim_mbbj75c\.m2\repository\org\springframework\boot\spring-boot\3.2.1\spring-boot-3.2.1.jar;C:\Users\davim_mbbj75c\.m2\repository\org\springframework\boot\spring-boot-autoconfigure\3.2.1\spring-boot-autoconfigure-3.2.1.jar;C:\Users\davim_mbbj75c\.m2\repository\org\springframework\boot\spring-boot-starter-logging\3.2.1\spring-boot-starter-logging-3.2.1.jar;C:\Users\davim_mbbj75c\.m2\repository\ch\qos\logback\logback-classic\1.4.14\logback-classic-1.4.14.jar;C:\Users\davim_mbbj75c\.m2\repository\ch\qos\logback\logback-core\1.4.14\logback-core-1.4.14.jar;C:\Users\davim_mbbj75c\.m2\repository\org\apache\logging\log4j\log4j-to-slf4j\2.21.1\log4j-to-slf4j-2.21.1.jar;C:\Users\davim_mbbj75c\.m2\repository\org\apache\logging\log4j\log4j-api\2.21.1\log4j-api-2.21.1.jar;C:\Users\davim_mbbj75c\.m2\repository\org\slf4j\jul-to-slf4j\2.0.9\jul-to-slf4j-2.0.9.jar;C:\Users\davim_mbbj75c\.m2\repository\org\yaml\snakeyaml\2.2\snakeyaml-2.2.jar;C:\Users\davim_mbbj75c\.m2\repository\org\springframework\boot\spring-boot-starter-json\3.2.1\spring-boot-starter-json-3.2.1.jar;C:\Users\davim_mbbj75c\.m2\repository\com\fasterxml\jackson\core\jackson-databind\2.15.3\jackson-databind-2.15.3.jar;C:\Users\davim_mbbj75c\.m2\repository\com\fasterxml\jackson\core\jackson-annotations\2.15.3\jackson-annotations-2.15.3.jar;C:\Users\davim_mbbj75c\.m2\repository\com\fasterxml\jackson\core\jackson-core\2.15.3\jackson-core-2.15.3.jar;C:\Users\davim_mbbj75c\.m2\repository\com\fasterxml\jackson\datatype\jackson-datatype-jdk8\2.15.3\jackson-datatype-jdk8-2.15.3.jar;C:\Users\davim_mbbj75c\.m2\repository\com\fasterxml\jackson\datatype\jackson-datatype-jsr310\2.15.3\jackson-datatype-jsr310-2.15.3.jar;C:\Users\davim_mbbj75c\.m2\repository\com\fasterxml\jackson\module\jackson-module-parameter-names\2.15.3\jackson-module-parameter-names-2.15.3.jar;C:\Users\davim_mbbj75c\.m2\repository\org\springframework\boot\spring-boot-starter-tomcat\3.2.1\spring-boot-starter-tomcat-3.2.1.jar;C:\Users\davim_mbbj75c\.m2\repository\org\apache\tomcat\embed\tomcat-embed-core\10.1.17\tomcat-embed-core-10.1.17.jar;C:\Users\davim_mbbj75c\.m2\repository\org\apache\tomcat\embed\tomcat-embed-el\10.1.17\tomcat-embed-el-10.1.17.jar;C:\Users\davim_mbbj75c\.m2\repository\org\apache\tomcat\embed\tomcat-embed-websocket\10.1.17\tomcat-embed-websocket-10.1.17.jar;C:\Users\davim_mbbj75c\.m2\repository\org\springframework\spring-web\6.1.2\spring-web-6.1.2.jar;C:\Users\davim_mbbj75c\.m2\repository\io\micrometer\micrometer-observation\1.12.1\micrometer-observation-1.12.1.jar;C:\Users\davim_mbbj75c\.m2\repository\io\micrometer\micrometer-commons\1.12.1\micrometer-commons-1.12.1.jar;C:\Users\davim_mbbj75c\.m2\repository\org\springframework\spring-webmvc\6.1.2\spring-webmvc-6.1.2.jar;C:\Users\davim_mbbj75c\.m2\repository\org\springframework\spring-expression\6.1.2\spring-expression-6.1.2.jar;C:\Users\davim_mbbj75c\.m2\repository\com\h2database\h2\2.2.224\h2-2.2.224.jar;C:\Users\davim_mbbj75c\.m2\repository\org\projectlombok\lombok\1.18.30\lombok-1.18.30.jar;C:\Users\davim_mbbj75c\.m2\repository\org\springframework\boot\spring-boot-starter-test\3.2.1\spring-boot-starter-test-3.2.1.jar;C:\Users\davim_mbbj75c\.m2\repository\org\springframework\boot\spring-boot-test\3.2.1\spring-boot-test-3.2.1.jar;C:\Users\davim_mbbj75c\.m2\repository\org\springframework\boot\spring-boot-test-autoconfigure\3.2.1\spring-boot-test-autoconfigure-3.2.1.jar;C:\Users\davim_mbbj75c\.m2\repository\com\jayway\jsonpath\json-path\2.8.0\json-path-2.8.0.jar;C:\Users\davim_mbbj75c\.m2\repository\jakarta\xml\bind\jakarta.xml.bind-api\4.0.1\jakarta.xml.bind-api-4.0.1.jar;C:\Users\davim_mbbj75c\.m2\repository\jakarta\activation\jakarta.activation-api\2.1.2\jakarta.activation-api-2.1.2.jar;C:\Users\davim_mbbj75c\.m2\repository\net\minidev\json-smart\2.5.0\json-smart-2.5.0.jar;C:\Users\davim_mbbj75c\.m2\repository\net\minidev\accessors-smart\2.5.0\accessors-smart-2.5.0.jar;C:\Users\davim_mbbj75c\.m2\repository\org\ow2\asm\asm\9.3\asm-9.3.jar;C:\Users\davim_mbbj75c\.m2\repository\org\assertj\assertj-core\3.24.2\assertj-core-3.24.2.jar;C:\Users\davim_mbbj75c\.m2\repository\org\awaitility\awaitility\4.2.0\awaitility-4.2.0.jar;C:\Users\davim_mbbj75c\.m2\repository\org\hamcrest\hamcrest\2.2\hamcrest-2.2.jar;C:\Users\davim_mbbj75c\.m2\repository\org\junit\jupiter\junit-jupiter\5.10.1\junit-jupiter-5.10.1.jar;C:\Users\davim_mbbj75c\.m2\repository\org\junit\jupiter\junit-jupiter-api\5.10.1\junit-jupiter-api-5.10.1.jar;C:\Users\davim_mbbj75c\.m2\repository\org\opentest4j\opentest4j\1.3.0\opentest4j-1.3.0.jar;C:\Users\davim_mbbj75c\.m2\repository\org\junit\platform\junit-platform-commons\1.10.1\junit-platform-commons-1.10.1.jar;C:\Users\davim_mbbj75c\.m2\repository\org\apiguardian\apiguardian-api\1.1.2\apiguardian-api-1.1.2.jar;C:\Users\davim_mbbj75c\.m2\repository\org\junit\jupiter\junit-jupiter-params\5.10.1\junit-jupiter-params-5.10.1.jar;C:\Users\davim_mbbj75c\.m2\repository\org\junit\jupiter\junit-jupiter-engine\5.10.1\junit-jupiter-engine-5.10.1.jar;C:\Users\davim_mbbj75c\.m2\repository\org\junit\platform\junit-platform-engine\1.10.1\junit-platform-engine-1.10.1.jar;C:\Users\davim_mbbj75c\.m2\repository\org\mockito\mockito-core\5.7.0\mockito-core-5.7.0.jar;C:\Users\davim_mbbj75c\.m2\repository\net\bytebuddy\byte-buddy-agent\1.14.10\byte-buddy-agent-1.14.10.jar;C:\Users\davim_mbbj75c\.m2\repository\org\objenesis\objenesis\3.3\objenesis-3.3.jar;C:\Users\davim_mbbj75c\.m2\repository\org\mockito\mockito-junit-jupiter\5.7.0\mockito-junit-jupiter-5.7.0.jar;C:\Users\davim_mbbj75c\.m2\repository\org\skyscreamer\jsonassert\1.5.1\jsonassert-1.5.1.jar;C:\Users\davim_mbbj75c\.m2\repository\com\vaadin\external\google\android-json\0.0.20131108.vaadin1\android-json-0.0.20131108.vaadin1.jar;C:\Users\davim_mbbj75c\.m2\repository\org\springframework\spring-core\6.1.2\spring-core-6.1.2.jar;C:\Users\davim_mbbj75c\.m2\repository\org\springframework\spring-jcl\6.1.2\spring-jcl-6.1.2.jar;C:\Users\davim_mbbj75c\.m2\repository\org\springframework\spring-test\6.1.2\spring-test-6.1.2.jar;C:\Users\davim_mbbj75c\.m2\repository\org\xmlunit\xmlunit-core\2.9.1\xmlunit-core-2.9.1.jar;C:\Users\davim_mbbj75c\.m2\repository\org\mapstruct\mapstruct\1.5.5.Final\mapstruct-1.5.5.Final.jar;"/>
    <property name="java.vm.vendor" value="Oracle Corporation"/>
    <property name="sun.arch.data.model" value="64"/>
    <property name="user.variant" value=""/>
    <property name="java.vendor.url" value="https://java.oracle.com/"/>
    <property name="user.timezone" value="Europe/Zurich"/>
    <property name="org.jboss.logging.provider" value="slf4j"/>
    <property name="os.name" value="Windows 11"/>
    <property name="java.vm.specification.version" value="19"/>
    <property name="sun.java.launcher" value="SUN_STANDARD"/>
    <property name="user.country" value="CH"/>
    <property name="sun.boot.library.path" value="C:\Program Files\Java\jdk-19\bin"/>
    <property name="sun.java.command" value="C:\Users\davim_mbbj75c\AppData\Local\Temp\surefire12345489591553074780\surefirebooter18183019726032086175.jar C:\Users\davim_mbbj75c\AppData\Local\Temp\surefire12345489591553074780 2025-01-27T09-07-20_200-jvmRun1 surefire12286723094037179554tmp surefire_01336691367332319489tmp"/>
    <property name="jdk.debug" value="release"/>
    <property name="surefire.test.class.path" value="C:\dev\m450\M405_DiLeo_Meyer\uebungen\6\recipe-planner-fronend-and-backend\recipe-planner-backend\target\test-classes;C:\dev\m450\M405_DiLeo_Meyer\uebungen\6\recipe-planner-fronend-and-backend\recipe-planner-backend\target\classes;C:\Users\davim_mbbj75c\.m2\repository\org\springframework\boot\spring-boot-starter-data-jpa\3.2.1\spring-boot-starter-data-jpa-3.2.1.jar;C:\Users\davim_mbbj75c\.m2\repository\org\springframework\boot\spring-boot-starter-aop\3.2.1\spring-boot-starter-aop-3.2.1.jar;C:\Users\davim_mbbj75c\.m2\repository\org\springframework\spring-aop\6.1.2\spring-aop-6.1.2.jar;C:\Users\davim_mbbj75c\.m2\repository\org\aspectj\aspectjweaver\1.9.21\aspectjweaver-1.9.21.jar;C:\Users\davim_mbbj75c\.m2\repository\org\springframework\boot\spring-boot-starter-jdbc\3.2.1\spring-boot-starter-jdbc-3.2.1.jar;C:\Users\davim_mbbj75c\.m2\repository\com\zaxxer\HikariCP\5.0.1\HikariCP-5.0.1.jar;C:\Users\davim_mbbj75c\.m2\repository\org\springframework\spring-jdbc\6.1.2\spring-jdbc-6.1.2.jar;C:\Users\davim_mbbj75c\.m2\repository\org\hibernate\orm\hibernate-core\6.4.1.Final\hibernate-core-6.4.1.Final.jar;C:\Users\davim_mbbj75c\.m2\repository\jakarta\persistence\jakarta.persistence-api\3.1.0\jakarta.persistence-api-3.1.0.jar;C:\Users\davim_mbbj75c\.m2\repository\jakarta\transaction\jakarta.transaction-api\2.0.1\jakarta.transaction-api-2.0.1.jar;C:\Users\davim_mbbj75c\.m2\repository\org\jboss\logging\jboss-logging\3.5.3.Final\jboss-logging-3.5.3.Final.jar;C:\Users\davim_mbbj75c\.m2\repository\org\hibernate\common\hibernate-commons-annotations\6.0.6.Final\hibernate-commons-annotations-6.0.6.Final.jar;C:\Users\davim_mbbj75c\.m2\repository\io\smallrye\jandex\3.1.2\jandex-3.1.2.jar;C:\Users\davim_mbbj75c\.m2\repository\com\fasterxml\classmate\1.6.0\classmate-1.6.0.jar;C:\Users\davim_mbbj75c\.m2\repository\net\bytebuddy\byte-buddy\1.14.10\byte-buddy-1.14.10.jar;C:\Users\davim_mbbj75c\.m2\repository\org\glassfish\jaxb\jaxb-runtime\4.0.4\jaxb-runtime-4.0.4.jar;C:\Users\davim_mbbj75c\.m2\repository\org\glassfish\jaxb\jaxb-core\4.0.4\jaxb-core-4.0.4.jar;C:\Users\davim_mbbj75c\.m2\repository\org\eclipse\angus\angus-activation\2.0.1\angus-activation-2.0.1.jar;C:\Users\davim_mbbj75c\.m2\repository\org\glassfish\jaxb\txw2\4.0.4\txw2-4.0.4.jar;C:\Users\davim_mbbj75c\.m2\repository\com\sun\istack\istack-commons-runtime\4.1.2\istack-commons-runtime-4.1.2.jar;C:\Users\davim_mbbj75c\.m2\repository\jakarta\inject\jakarta.inject-api\2.0.1\jakarta.inject-api-2.0.1.jar;C:\Users\davim_mbbj75c\.m2\repository\org\antlr\antlr4-runtime\4.13.0\antlr4-runtime-4.13.0.jar;C:\Users\davim_mbbj75c\.m2\repository\org\springframework\data\spring-data-jpa\3.2.1\spring-data-jpa-3.2.1.jar;C:\Users\davim_mbbj75c\.m2\repository\org\springframework\data\spring-data-commons\3.2.1\spring-data-commons-3.2.1.jar;C:\Users\davim_mbbj75c\.m2\repository\org\springframework\spring-orm\6.1.2\spring-orm-6.1.2.jar;C:\Users\davim_mbbj75c\.m2\repository\org\springframework\spring-context\6.1.2\spring-context-6.1.2.jar;C:\Users\davim_mbbj75c\.m2\repository\org\springframework\spring-tx\6.1.2\spring-tx-6.1.2.jar;C:\Users\davim_mbbj75c\.m2\repository\org\springframework\spring-beans\6.1.2\spring-beans-6.1.2.jar;C:\Users\davim_mbbj75c\.m2\repository\jakarta\annotation\jakarta.annotation-api\2.1.1\jakarta.annotation-api-2.1.1.jar;C:\Users\davim_mbbj75c\.m2\repository\org\slf4j\slf4j-api\2.0.9\slf4j-api-2.0.9.jar;C:\Users\davim_mbbj75c\.m2\repository\org\springframework\spring-aspects\6.1.2\spring-aspects-6.1.2.jar;C:\Users\davim_mbbj75c\.m2\repository\org\springframework\boot\spring-boot-starter-web\3.2.1\spring-boot-starter-web-3.2.1.jar;C:\Users\davim_mbbj75c\.m2\repository\org\springframework\boot\spring-boot-starter\3.2.1\spring-boot-starter-3.2.1.jar;C:\Users\davim_mbbj75c\.m2\repository\org\springframework\boot\spring-boot\3.2.1\spring-boot-3.2.1.jar;C:\Users\davim_mbbj75c\.m2\repository\org\springframework\boot\spring-boot-autoconfigure\3.2.1\spring-boot-autoconfigure-3.2.1.jar;C:\Users\davim_mbbj75c\.m2\repository\org\springframework\boot\spring-boot-starter-logging\3.2.1\spring-boot-starter-logging-3.2.1.jar;C:\Users\davim_mbbj75c\.m2\repository\ch\qos\logback\logback-classic\1.4.14\logback-classic-1.4.14.jar;C:\Users\davim_mbbj75c\.m2\repository\ch\qos\logback\logback-core\1.4.14\logback-core-1.4.14.jar;C:\Users\davim_mbbj75c\.m2\repository\org\apache\logging\log4j\log4j-to-slf4j\2.21.1\log4j-to-slf4j-2.21.1.jar;C:\Users\davim_mbbj75c\.m2\repository\org\apache\logging\log4j\log4j-api\2.21.1\log4j-api-2.21.1.jar;C:\Users\davim_mbbj75c\.m2\repository\org\slf4j\jul-to-slf4j\2.0.9\jul-to-slf4j-2.0.9.jar;C:\Users\davim_mbbj75c\.m2\repository\org\yaml\snakeyaml\2.2\snakeyaml-2.2.jar;C:\Users\davim_mbbj75c\.m2\repository\org\springframework\boot\spring-boot-starter-json\3.2.1\spring-boot-starter-json-3.2.1.jar;C:\Users\davim_mbbj75c\.m2\repository\com\fasterxml\jackson\core\jackson-databind\2.15.3\jackson-databind-2.15.3.jar;C:\Users\davim_mbbj75c\.m2\repository\com\fasterxml\jackson\core\jackson-annotations\2.15.3\jackson-annotations-2.15.3.jar;C:\Users\davim_mbbj75c\.m2\repository\com\fasterxml\jackson\core\jackson-core\2.15.3\jackson-core-2.15.3.jar;C:\Users\davim_mbbj75c\.m2\repository\com\fasterxml\jackson\datatype\jackson-datatype-jdk8\2.15.3\jackson-datatype-jdk8-2.15.3.jar;C:\Users\davim_mbbj75c\.m2\repository\com\fasterxml\jackson\datatype\jackson-datatype-jsr310\2.15.3\jackson-datatype-jsr310-2.15.3.jar;C:\Users\davim_mbbj75c\.m2\repository\com\fasterxml\jackson\module\jackson-module-parameter-names\2.15.3\jackson-module-parameter-names-2.15.3.jar;C:\Users\davim_mbbj75c\.m2\repository\org\springframework\boot\spring-boot-starter-tomcat\3.2.1\spring-boot-starter-tomcat-3.2.1.jar;C:\Users\davim_mbbj75c\.m2\repository\org\apache\tomcat\embed\tomcat-embed-core\10.1.17\tomcat-embed-core-10.1.17.jar;C:\Users\davim_mbbj75c\.m2\repository\org\apache\tomcat\embed\tomcat-embed-el\10.1.17\tomcat-embed-el-10.1.17.jar;C:\Users\davim_mbbj75c\.m2\repository\org\apache\tomcat\embed\tomcat-embed-websocket\10.1.17\tomcat-embed-websocket-10.1.17.jar;C:\Users\davim_mbbj75c\.m2\repository\org\springframework\spring-web\6.1.2\spring-web-6.1.2.jar;C:\Users\davim_mbbj75c\.m2\repository\io\micrometer\micrometer-observation\1.12.1\micrometer-observation-1.12.1.jar;C:\Users\davim_mbbj75c\.m2\repository\io\micrometer\micrometer-commons\1.12.1\micrometer-commons-1.12.1.jar;C:\Users\davim_mbbj75c\.m2\repository\org\springframework\spring-webmvc\6.1.2\spring-webmvc-6.1.2.jar;C:\Users\davim_mbbj75c\.m2\repository\org\springframework\spring-expression\6.1.2\spring-expression-6.1.2.jar;C:\Users\davim_mbbj75c\.m2\repository\com\h2database\h2\2.2.224\h2-2.2.224.jar;C:\Users\davim_mbbj75c\.m2\repository\org\projectlombok\lombok\1.18.30\lombok-1.18.30.jar;C:\Users\davim_mbbj75c\.m2\repository\org\springframework\boot\spring-boot-starter-test\3.2.1\spring-boot-starter-test-3.2.1.jar;C:\Users\davim_mbbj75c\.m2\repository\org\springframework\boot\spring-boot-test\3.2.1\spring-boot-test-3.2.1.jar;C:\Users\davim_mbbj75c\.m2\repository\org\springframework\boot\spring-boot-test-autoconfigure\3.2.1\spring-boot-test-autoconfigure-3.2.1.jar;C:\Users\davim_mbbj75c\.m2\repository\com\jayway\jsonpath\json-path\2.8.0\json-path-2.8.0.jar;C:\Users\davim_mbbj75c\.m2\repository\jakarta\xml\bind\jakarta.xml.bind-api\4.0.1\jakarta.xml.bind-api-4.0.1.jar;C:\Users\davim_mbbj75c\.m2\repository\jakarta\activation\jakarta.activation-api\2.1.2\jakarta.activation-api-2.1.2.jar;C:\Users\davim_mbbj75c\.m2\repository\net\minidev\json-smart\2.5.0\json-smart-2.5.0.jar;C:\Users\davim_mbbj75c\.m2\repository\net\minidev\accessors-smart\2.5.0\accessors-smart-2.5.0.jar;C:\Users\davim_mbbj75c\.m2\repository\org\ow2\asm\asm\9.3\asm-9.3.jar;C:\Users\davim_mbbj75c\.m2\repository\org\assertj\assertj-core\3.24.2\assertj-core-3.24.2.jar;C:\Users\davim_mbbj75c\.m2\repository\org\awaitility\awaitility\4.2.0\awaitility-4.2.0.jar;C:\Users\davim_mbbj75c\.m2\repository\org\hamcrest\hamcrest\2.2\hamcrest-2.2.jar;C:\Users\davim_mbbj75c\.m2\repository\org\junit\jupiter\junit-jupiter\5.10.1\junit-jupiter-5.10.1.jar;C:\Users\davim_mbbj75c\.m2\repository\org\junit\jupiter\junit-jupiter-api\5.10.1\junit-jupiter-api-5.10.1.jar;C:\Users\davim_mbbj75c\.m2\repository\org\opentest4j\opentest4j\1.3.0\opentest4j-1.3.0.jar;C:\Users\davim_mbbj75c\.m2\repository\org\junit\platform\junit-platform-commons\1.10.1\junit-platform-commons-1.10.1.jar;C:\Users\davim_mbbj75c\.m2\repository\org\apiguardian\apiguardian-api\1.1.2\apiguardian-api-1.1.2.jar;C:\Users\davim_mbbj75c\.m2\repository\org\junit\jupiter\junit-jupiter-params\5.10.1\junit-jupiter-params-5.10.1.jar;C:\Users\davim_mbbj75c\.m2\repository\org\junit\jupiter\junit-jupiter-engine\5.10.1\junit-jupiter-engine-5.10.1.jar;C:\Users\davim_mbbj75c\.m2\repository\org\junit\platform\junit-platform-engine\1.10.1\junit-platform-engine-1.10.1.jar;C:\Users\davim_mbbj75c\.m2\repository\org\mockito\mockito-core\5.7.0\mockito-core-5.7.0.jar;C:\Users\davim_mbbj75c\.m2\repository\net\bytebuddy\byte-buddy-agent\1.14.10\byte-buddy-agent-1.14.10.jar;C:\Users\davim_mbbj75c\.m2\repository\org\objenesis\objenesis\3.3\objenesis-3.3.jar;C:\Users\davim_mbbj75c\.m2\repository\org\mockito\mockito-junit-jupiter\5.7.0\mockito-junit-jupiter-5.7.0.jar;C:\Users\davim_mbbj75c\.m2\repository\org\skyscreamer\jsonassert\1.5.1\jsonassert-1.5.1.jar;C:\Users\davim_mbbj75c\.m2\repository\com\vaadin\external\google\android-json\0.0.20131108.vaadin1\android-json-0.0.20131108.vaadin1.jar;C:\Users\davim_mbbj75c\.m2\repository\org\springframework\spring-core\6.1.2\spring-core-6.1.2.jar;C:\Users\davim_mbbj75c\.m2\repository\org\springframework\spring-jcl\6.1.2\spring-jcl-6.1.2.jar;C:\Users\davim_mbbj75c\.m2\repository\org\springframework\spring-test\6.1.2\spring-test-6.1.2.jar;C:\Users\davim_mbbj75c\.m2\repository\org\xmlunit\xmlunit-core\2.9.1\xmlunit-core-2.9.1.jar;C:\Users\davim_mbbj75c\.m2\repository\org\mapstruct\mapstruct\1.5.5.Final\mapstruct-1.5.5.Final.jar;"/>
    <property name="sun.cpu.endian" value="little"/>
    <property name="user.home" value="C:\Users\davim_mbbj75c"/>
    <property name="user.language" value="de"/>
    <property name="java.specification.vendor" value="Oracle Corporation"/>
    <property name="java.version.date" value="2022-10-18"/>
    <property name="java.home" value="C:\Program Files\Java\jdk-19"/>
    <property name="file.separator" value="\"/>
    <property name="basedir" value="C:\dev\m450\M405_DiLeo_Meyer\uebungen\6\recipe-planner-fronend-and-backend\recipe-planner-backend"/>
    <property name="java.vm.compressedOopsMode" value="Zero based"/>
    <property name="line.separator" value="&#10;"/>
    <property name="java.vm.specification.vendor" value="Oracle Corporation"/>
    <property name="java.specification.name" value="Java Platform API Specification"/>
    <property name="FILE_LOG_CHARSET" value="UTF-8"/>
    <property name="java.awt.headless" value="true"/>
    <property name="surefire.real.class.path" value="C:\Users\davim_mbbj75c\AppData\Local\Temp\surefire12345489591553074780\surefirebooter18183019726032086175.jar"/>
    <property name="user.script" value=""/>
    <property name="sun.management.compiler" value="HotSpot 64-Bit Tiered Compilers"/>
    <property name="java.runtime.version" value="19.0.1+10-21"/>
    <property name="user.name" value="davim_mbbj75c"/>
    <property name="stdout.encoding" value="Cp1252"/>
    <property name="path.separator" value=";"/>
    <property name="os.version" value="10.0"/>
    <property name="java.runtime.name" value="Java(TM) SE Runtime Environment"/>
    <property name="file.encoding" value="UTF-8"/>
    <property name="java.vm.name" value="Java HotSpot(TM) 64-Bit Server VM"/>
    <property name="localRepository" value="C:\Users\davim_mbbj75c\.m2\repository"/>
    <property name="java.vendor.url.bug" value="https://bugreport.java.com/bugreport/"/>
    <property name="java.io.tmpdir" value="C:\Users\DAVIM_~1\AppData\Local\Temp\"/>
    <property name="com.zaxxer.hikari.pool_number" value="1"/>
    <property name="java.version" value="19.0.1"/>
    <property name="user.dir" value="C:\dev\m450\M405_DiLeo_Meyer\uebungen\6\recipe-planner-fronend-and-backend\recipe-planner-backend"/>
    <property name="os.arch" value="amd64"/>
    <property name="java.vm.specification.name" value="Java Virtual Machine Specification"/>
    <property name="PID" value="3980"/>
    <property name="sun.os.patch.level" value=""/>
    <property name="CONSOLE_LOG_CHARSET" value="UTF-8"/>
    <property name="native.encoding" value="Cp1252"/>
    <property name="java.library.path" value="C:\Program Files\Java\jdk-19\bin;C:\WINDOWS\Sun\Java\bin;C:\WINDOWS\system32;C:\WINDOWS;C:\Program Files\Common Files\Oracle\Java\javapath;C:\Windows\system32;C:\Windows;C:\Windows\System32\Wbem;C:\Windows\System32\WindowsPowerShell\v1.0\;C:\Windows\System32\OpenSSH\;C:\Program Files (x86)\NVIDIA Corporation\PhysX\Common;C:\WINDOWS\system32;C:\WINDOWS;C:\WINDOWS\System32\Wbem;C:\WINDOWS\System32\WindowsPowerShell\v1.0\;C:\WINDOWS\System32\OpenSSH\;C:\Program Files\dotnet\;C:\Program Files\Git\cmd;C:\Program Files\Java\jdk-19\bin;C:\Program Files\nodejs\;C:\Program Files (x86)\Gpg4win\..\GnuPG\bin;C:\Program Files\Docker\Docker\resources\bin;C:\dev\mvn\bin;C:\Users\davim_mbbj75c\AppData\Local\Microsoft\WindowsApps;;C:\Users\davim_mbbj75c\AppData\Local\Programs\Microsoft VS Code\bin;C:\Users\davim_mbbj75c\AppData\Roaming\npm;."/>
    <property name="java.vm.info" value="mixed mode, sharing"/>
    <property name="stderr.encoding" value="Cp1252"/>
    <property name="java.vendor" value="Oracle Corporation"/>
    <property name="java.vm.version" value="19.0.1+10-21"/>
    <property name="sun.io.unicode.encoding" value="UnicodeLittle"/>
    <property name="java.class.version" value="63.0"/>
  </properties>
  <testcase name="getRecipe_shouldReturnRecipeById" classname="RecipeControllerTest" time="0.123">
    <system-out><![CDATA[
  .   ____          _            __ _ _
 /\\ / ___'_ __ _ _(_)_ __  __ _ \ \ \ \
( ( )\___ | '_ | '_| | '_ \/ _` | \ \ \ \
 \\/  ___)| |_)| | | | | || (_| |  ) ) ) )
  '  |____| .__|_| |_|_| |_\__, | / / / /
 =========|_|==============|___/=/_/_/_/
 :: Spring Boot ::                (v3.2.1)

2025-01-27T09:07:21.807+01:00  INFO 3980 --- [           main] RecipeControllerTest                     : Starting RecipeControllerTest using Java 19.0.1 with PID 3980 (started by davim_mbbj75c in C:\dev\m450\M405_DiLeo_Meyer\uebungen\6\recipe-planner-fronend-and-backend\recipe-planner-backend)
2025-01-27T09:07:21.810+01:00  INFO 3980 --- [           main] RecipeControllerTest                     : No active profile set, falling back to 1 default profile: "default"
2025-01-27T09:07:22.374+01:00  INFO 3980 --- [           main] .s.d.r.c.RepositoryConfigurationDelegate : Bootstrapping Spring Data JPA repositories in DEFAULT mode.
2025-01-27T09:07:22.414+01:00  INFO 3980 --- [           main] .s.d.r.c.RepositoryConfigurationDelegate : Finished Spring Data repository scanning in 34 ms. Found 1 JPA repository interface.
2025-01-27T09:07:23.771+01:00  INFO 3980 --- [           main] com.zaxxer.hikari.HikariDataSource       : HikariPool-1 - Starting...
2025-01-27T09:07:24.012+01:00  INFO 3980 --- [           main] com.zaxxer.hikari.pool.HikariPool        : HikariPool-1 - Added connection conn0: url=jdbc:h2:mem:mydb user=SA
2025-01-27T09:07:24.014+01:00  INFO 3980 --- [           main] com.zaxxer.hikari.HikariDataSource       : HikariPool-1 - Start completed.
2025-01-27T09:07:24.116+01:00  INFO 3980 --- [           main] o.hibernate.jpa.internal.util.LogHelper  : HHH000204: Processing PersistenceUnitInfo [name: default]
2025-01-27T09:07:24.188+01:00  INFO 3980 --- [           main] org.hibernate.Version                    : HHH000412: Hibernate ORM core version 6.4.1.Final
2025-01-27T09:07:24.238+01:00  INFO 3980 --- [           main] o.h.c.internal.RegionFactoryInitiator    : HHH000026: Second-level cache disabled
2025-01-27T09:07:24.361+01:00  INFO 3980 --- [           main] o.s.o.j.p.SpringPersistenceUnitInfo      : No LoadTimeWeaver setup: ignoring JPA class transformer
2025-01-27T09:07:25.123+01:00  INFO 3980 --- [           main] o.h.e.t.j.p.i.JtaPlatformInitiator       : HHH000489: No JTA platform available (set 'hibernate.transaction.jta.platform' to enable JTA platform integration)
2025-01-27T09:07:25.159+01:00  INFO 3980 --- [           main] j.LocalContainerEntityManagerFactoryBean : Initialized JPA EntityManagerFactory for persistence unit 'default'
2025-01-27T09:07:25.676+01:00  WARN 3980 --- [           main] JpaBaseConfiguration$JpaWebConfiguration : spring.jpa.open-in-view is enabled by default. Therefore, database queries may be performed during view rendering. Explicitly configure spring.jpa.open-in-view to disable this warning
2025-01-27T09:07:26.101+01:00  INFO 3980 --- [           main] o.s.b.a.h2.H2ConsoleAutoConfiguration    : H2 console available at '/h2-console'. Database available at 'jdbc:h2:mem:mydb'
2025-01-27T09:07:26.198+01:00  INFO 3980 --- [           main] o.s.b.t.m.w.SpringBootMockServletContext : Initializing Spring TestDispatcherServlet ''
2025-01-27T09:07:26.198+01:00  INFO 3980 --- [           main] o.s.t.web.servlet.TestDispatcherServlet  : Initializing Servlet ''
2025-01-27T09:07:26.201+01:00  INFO 3980 --- [           main] o.s.t.web.servlet.TestDispatcherServlet  : Completed initialization in 1 ms
2025-01-27T09:07:26.226+01:00  INFO 3980 --- [           main] RecipeControllerTest                     : Started RecipeControllerTest in 4.647 seconds (process running for 5.613)
2025-01-27T09:07:26.477+01:00  INFO 3980 --- [           main] c.t.r.planner.RecipePlannerApplication   : RecipeEntity(id=e28ad77d-760d-4d54-b0a5-96c0465e76cd, name=Lasagne al Forno, description=Lorem ipsum dolor sit amet, consectetur adipiscing elit, sed do eiusmod tempor incididunt ut labore et dolore magna aliqua., imageUrl=https://www.kitchensanctuary.com/wp-content/uploads/2020/04/Chicken-Fried-Rice-square-FS-.jpg, ingredients=[IngredientEntity(id=68738023-05ba-41b3-83a5-8cbea5ef04fd, name=Tomato, comment=The big ones, unit=PIECE, amount=5)])
2025-01-27T09:07:26.477+01:00  INFO 3980 --- [           main] c.t.r.planner.RecipePlannerApplication   : RecipeEntity(id=ae91477b-9b84-4567-b2d8-02bf37159028, name=Spaghetti Bolognese, description=Lorem ipsum dolor sit amet, consectetur adipiscing elit, sed do eiusmod tempor incididunt ut labore et dolore magna aliqua., imageUrl=https://www.kitchensanctuary.com/wp-content/uploads/2020/04/Chicken-Fried-Rice-square-FS-.jpg, ingredients=[IngredientEntity(id=cf5fb9b5-f2bf-4f9d-8cbe-d2d0bf7df6e5, name=Tomato, comment=The big ones, unit=PIECE, amount=5)])
2025-01-27T09:07:26.477+01:00  INFO 3980 --- [           main] c.t.r.planner.RecipePlannerApplication   : RecipeEntity(id=1c2aa03e-f224-42b2-b71b-f93e782e93f8, name=Fried Rice, description=Lorem ipsum dolor sit amet, consectetur adipiscing elit, sed do eiusmod tempor incididunt ut labore et dolore magna aliqua., imageUrl=https://www.deliciousmagazine.co.uk/wp-content/uploads/2020/01/lasagne.jpg, ingredients=[IngredientEntity(id=309b3ccd-bf8c-42c4-9a84-d5e371dbca2c, name=Tomato, comment=The big ones, unit=PIECE, amount=5)])
2025-01-27T09:07:26.478+01:00  INFO 3980 --- [           main] c.t.r.planner.RecipePlannerApplication   : RecipeEntity(id=ef749900-ee41-4cdb-aaac-d7521c8db2c6, name=Spaghetti Bolognese, description=Lorem ipsum dolor sit amet, consectetur adipiscing elit, sed do eiusmod tempor incididunt ut labore et dolore magna aliqua., imageUrl=https://img.freepik.com/free-photo/grilled-gourmet-burger-with-cheese-tomato-onion-french-fries-generated-by-artificial-intelligence_25030-63181.jpg, ingredients=[IngredientEntity(id=bef7e606-ad89-4224-8d17-3d6f3247e482, name=Tomato, comment=The big ones, unit=PIECE, amount=5)])
2025-01-27T09:07:26.478+01:00  INFO 3980 --- [           main] c.t.r.planner.RecipePlannerApplication   : RecipeEntity(id=47e0150c-d114-4261-87ea-37f740a0c0f5, name=Pommes Frites, description=Lorem ipsum dolor sit amet, consectetur adipiscing elit, sed do eiusmod tempor incididunt ut labore et dolore magna aliqua., imageUrl=https://recipeimages.migros.ch/crop/v-w-1200-h-630-a-center_center/ac38873942ada8c8154f0da0a748adf486a304d8/pommes-frites-0-16-9.jpg, ingredients=[IngredientEntity(id=f46f2d34-6d77-4078-82ee-bbde85445af2, name=Tomato, comment=The big ones, unit=PIECE, amount=5)])
2025-01-27T09:07:26.478+01:00  INFO 3980 --- [           main] c.t.r.planner.RecipePlannerApplication   : RecipeEntity(id=3cb2bfbf-5415-4e74-a095-cd658e25b41c, name=Lasagne al Forno, description=Lorem ipsum dolor sit amet, consectetur adipiscing elit, sed do eiusmod tempor incididunt ut labore et dolore magna aliqua., imageUrl=https://recipeimages.migros.ch/crop/v-w-1200-h-630-a-center_center/ac38873942ada8c8154f0da0a748adf486a304d8/pommes-frites-0-16-9.jpg, ingredients=[IngredientEntity(id=23846af3-ee6f-41c8-8062-ed41f56efc68, name=Tomato, comment=The big ones, unit=PIECE, amount=5)])
2025-01-27T09:07:26.478+01:00  INFO 3980 --- [           main] c.t.r.planner.RecipePlannerApplication   : RecipeEntity(id=bd3df5ea-50e9-4ce5-b502-b035578537d4, name=Spaghetti Bolognese, description=Lorem ipsum dolor sit amet, consectetur adipiscing elit, sed do eiusmod tempor incididunt ut labore et dolore magna aliqua., imageUrl=https://img.taste.com.au/5qlr1PkR/taste/2016/11/spaghetti-bolognese-106560-1.jpeg, ingredients=[IngredientEntity(id=001b8c99-a716-4bff-b219-5de3cb619866, name=Tomato, comment=The big ones, unit=PIECE, amount=5)])
2025-01-27T09:07:26.479+01:00  INFO 3980 --- [           main] c.t.r.planner.RecipePlannerApplication   : RecipeEntity(id=c5851fe7-2d28-4001-abdd-a2bb4e8bf757, name=Fried Rice, description=Lorem ipsum dolor sit amet, consectetur adipiscing elit, sed do eiusmod tempor incididunt ut labore et dolore magna aliqua., imageUrl=https://recipeimages.migros.ch/crop/v-w-1200-h-630-a-center_center/ac38873942ada8c8154f0da0a748adf486a304d8/pommes-frites-0-16-9.jpg, ingredients=[IngredientEntity(id=54b0c8fc-af9a-4440-bc0d-0988857c96a9, name=Tomato, comment=The big ones, unit=PIECE, amount=5)])
2025-01-27T09:07:26.479+01:00  INFO 3980 --- [           main] c.t.r.planner.RecipePlannerApplication   : RecipeEntity(id=6715336e-0f1c-432c-ac96-eaa2f0e29b47, name=Spaghetti Bolognese, description=Lorem ipsum dolor sit amet, consectetur adipiscing elit, sed do eiusmod tempor incididunt ut labore et dolore magna aliqua., imageUrl=https://img.taste.com.au/5qlr1PkR/taste/2016/11/spaghetti-bolognese-106560-1.jpeg, ingredients=[IngredientEntity(id=79c26ecc-f452-42ef-880c-6f6664706143, name=Tomato, comment=The big ones, unit=PIECE, amount=5)])
2025-01-27T09:07:26.479+01:00  INFO 3980 --- [           main] c.t.r.planner.RecipePlannerApplication   : RecipeEntity(id=394de957-520c-49b5-a850-db2e0a0c22a0, name=Pommes Frites, description=Lorem ipsum dolor sit amet, consectetur adipiscing elit, sed do eiusmod tempor incididunt ut labore et dolore magna aliqua., imageUrl=https://www.kitchensanctuary.com/wp-content/uploads/2020/04/Chicken-Fried-Rice-square-FS-.jpg, ingredients=[IngredientEntity(id=f17b7ba8-c721-4440-a72d-abf6ef6dddd2, name=Tomato, comment=The big ones, unit=PIECE, amount=5)])
2025-01-27T09:07:26.479+01:00  INFO 3980 --- [           main] c.t.r.planner.RecipePlannerApplication   : RecipeEntity(id=ba175faf-0245-4554-91b9-880b7b004264, name=Lasagne al Forno, description=Lorem ipsum dolor sit amet, consectetur adipiscing elit, sed do eiusmod tempor incididunt ut labore et dolore magna aliqua., imageUrl=https://www.kitchensanctuary.com/wp-content/uploads/2020/04/Chicken-Fried-Rice-square-FS-.jpg, ingredients=[IngredientEntity(id=006d05ea-1dec-423d-a226-42b6b8c759e4, name=Tomato, comment=The big ones, unit=PIECE, amount=5)])
2025-01-27T09:07:26.479+01:00  INFO 3980 --- [           main] c.t.r.planner.RecipePlannerApplication   : RecipeEntity(id=d128c8b4-01a4-40e1-901a-7de4ef3cc6e1, name=Spaghetti Bolognese, description=Lorem ipsum dolor sit amet, consectetur adipiscing elit, sed do eiusmod tempor incididunt ut labore et dolore magna aliqua., imageUrl=https://www.kitchensanctuary.com/wp-content/uploads/2020/04/Chicken-Fried-Rice-square-FS-.jpg, ingredients=[IngredientEntity(id=c23f6c6b-eec3-4cab-9c38-e0d7c4e14347, name=Tomato, comment=The big ones, unit=PIECE, amount=5)])
2025-01-27T09:07:26.479+01:00  INFO 3980 --- [           main] c.t.r.planner.RecipePlannerApplication   : RecipeEntity(id=376d7f5d-08f9-42c2-868f-850cc99fd34b, name=Fried Rice, description=Lorem ipsum dolor sit amet, consectetur adipiscing elit, sed do eiusmod tempor incididunt ut labore et dolore magna aliqua., imageUrl=https://recipeimages.migros.ch/crop/v-w-1200-h-630-a-center_center/ac38873942ada8c8154f0da0a748adf486a304d8/pommes-frites-0-16-9.jpg, ingredients=[IngredientEntity(id=70f9047a-1db5-4ad7-8136-e488733da91e, name=Tomato, comment=The big ones, unit=PIECE, amount=5)])
2025-01-27T09:07:26.479+01:00  INFO 3980 --- [           main] c.t.r.planner.RecipePlannerApplication   : RecipeEntity(id=e41099df-3e08-4ca6-b444-a59f3cac9cc8, name=Spaghetti Bolognese, description=Lorem ipsum dolor sit amet, consectetur adipiscing elit, sed do eiusmod tempor incididunt ut labore et dolore magna aliqua., imageUrl=https://www.deliciousmagazine.co.uk/wp-content/uploads/2020/01/lasagne.jpg, ingredients=[IngredientEntity(id=caaf213f-4957-45aa-898b-6c688a6bdbbd, name=Tomato, comment=The big ones, unit=PIECE, amount=5)])
2025-01-27T09:07:26.480+01:00  INFO 3980 --- [           main] c.t.r.planner.RecipePlannerApplication   : RecipeEntity(id=51ea0baa-3682-46cf-9d3f-cef4768f9f93, name=Pommes Frites, description=Lorem ipsum dolor sit amet, consectetur adipiscing elit, sed do eiusmod tempor incididunt ut labore et dolore magna aliqua., imageUrl=https://www.deliciousmagazine.co.uk/wp-content/uploads/2020/01/lasagne.jpg, ingredients=[IngredientEntity(id=8e173b2c-eb00-4bdd-94a5-d65dd027fcd3, name=Tomato, comment=The big ones, unit=PIECE, amount=5)])
]]></system-out>
  </testcase>
  <testcase name="getRecipes_shouldReturnListOfRecipes" classname="RecipeControllerTest" time="0.012"/>
  <testcase name="addRecipe_shouldReturnSavedRecipe" classname="RecipeControllerTest" time="0.035"/>
</testsuite>