<?xml version="1.0" encoding="UTF-8"?>
<testsuite xmlns:xsi="http://www.w3.org/2001/XMLSchema-instance" xsi:noNamespaceSchemaLocation="https://maven.apache.org/surefire/maven-surefire-plugin/xsd/surefire-test-report-3.0.xsd" version="3.0" name="org.example.CalculatorTest" time="0.256" tests="4" errors="0" skipped="0" failures="0">
  <properties>
    <property name="java.specification.version" value="23"/>
    <property name="sun.cpu.isalist" value="amd64"/>
    <property name="sun.jnu.encoding" value="Cp1252"/>
    <property name="java.class.path" value="C:\Users\loris\OneDrive\Dokumente\TBZ\Modul 405\M405_DiLeo_Meyer\uebungen\3\target\test-classes;C:\Users\loris\OneDrive\Dokumente\TBZ\Modul 405\M405_DiLeo_Meyer\uebungen\3\target\classes;C:\Users\loris\.m2\repository\org\testng\testng\7.10.2\testng-7.10.2.jar;C:\Users\loris\.m2\repository\org\slf4j\slf4j-api\1.7.36\slf4j-api-1.7.36.jar;C:\Users\loris\.m2\repository\com\beust\jcommander\1.82\jcommander-1.82.jar;C:\Users\loris\.m2\repository\org\webjars\jquery\3.7.1\jquery-3.7.1.jar;C:\Users\loris\.m2\repository\junit\junit\4.13.2\junit-4.13.2.jar;C:\Users\loris\.m2\repository\org\hamcrest\hamcrest-core\1.3\hamcrest-core-1.3.jar;C:\Users\loris\.m2\repository\org\junit\jupiter\junit-jupiter\5.10.0\junit-jupiter-5.10.0.jar;C:\Users\loris\.m2\repository\org\junit\jupiter\junit-jupiter-api\5.10.0\junit-jupiter-api-5.10.0.jar;C:\Users\loris\.m2\repository\org\opentest4j\opentest4j\1.3.0\opentest4j-1.3.0.jar;C:\Users\loris\.m2\repository\org\junit\platform\junit-platform-commons\1.10.0\junit-platform-commons-1.10.0.jar;C:\Users\loris\.m2\repository\org\apiguardian\apiguardian-api\1.1.2\apiguardian-api-1.1.2.jar;C:\Users\loris\.m2\repository\org\junit\jupiter\junit-jupiter-params\5.10.0\junit-jupiter-params-5.10.0.jar;C:\Users\loris\.m2\repository\org\junit\jupiter\junit-jupiter-engine\5.10.0\junit-jupiter-engine-5.10.0.jar;C:\Users\loris\.m2\repository\org\junit\platform\junit-platform-engine\1.10.0\junit-platform-engine-1.10.0.jar;"/>
    <property name="java.vm.vendor" value="Oracle Corporation"/>
    <property name="sun.arch.data.model" value="64"/>
    <property name="user.variant" value=""/>
    <property name="java.vendor.url" value="https://java.oracle.com/"/>
    <property name="user.timezone" value="Europe/Zurich"/>
    <property name="os.name" value="Windows 11"/>
    <property name="java.vm.specification.version" value="23"/>
    <property name="sun.java.launcher" value="SUN_STANDARD"/>
    <property name="user.country" value="CH"/>
    <property name="sun.boot.library.path" value="C:\Users\loris\.jdks\openjdk-23.0.1\bin"/>
    <property name="sun.java.command" value="C:\Users\loris\AppData\Local\Temp\surefire9392152722656272214\surefirebooter-20241125085802282_3.jar C:\Users\loris\AppData\Local\Temp\surefire9392152722656272214 2024-11-25T08-58-01_985-jvmRun1 surefire-20241125085802282_1tmp surefire_0-20241125085802282_2tmp"/>
    <property name="jdk.debug" value="release"/>
    <property name="surefire.test.class.path" value="C:\Users\loris\OneDrive\Dokumente\TBZ\Modul 405\M405_DiLeo_Meyer\uebungen\3\target\test-classes;C:\Users\loris\OneDrive\Dokumente\TBZ\Modul 405\M405_DiLeo_Meyer\uebungen\3\target\classes;C:\Users\loris\.m2\repository\org\testng\testng\7.10.2\testng-7.10.2.jar;C:\Users\loris\.m2\repository\org\slf4j\slf4j-api\1.7.36\slf4j-api-1.7.36.jar;C:\Users\loris\.m2\repository\com\beust\jcommander\1.82\jcommander-1.82.jar;C:\Users\loris\.m2\repository\org\webjars\jquery\3.7.1\jquery-3.7.1.jar;C:\Users\loris\.m2\repository\junit\junit\4.13.2\junit-4.13.2.jar;C:\Users\loris\.m2\repository\org\hamcrest\hamcrest-core\1.3\hamcrest-core-1.3.jar;C:\Users\loris\.m2\repository\org\junit\jupiter\junit-jupiter\5.10.0\junit-jupiter-5.10.0.jar;C:\Users\loris\.m2\repository\org\junit\jupiter\junit-jupiter-api\5.10.0\junit-jupiter-api-5.10.0.jar;C:\Users\loris\.m2\repository\org\opentest4j\opentest4j\1.3.0\opentest4j-1.3.0.jar;C:\Users\loris\.m2\repository\org\junit\platform\junit-platform-commons\1.10.0\junit-platform-commons-1.10.0.jar;C:\Users\loris\.m2\repository\org\apiguardian\apiguardian-api\1.1.2\apiguardian-api-1.1.2.jar;C:\Users\loris\.m2\repository\org\junit\jupiter\junit-jupiter-params\5.10.0\junit-jupiter-params-5.10.0.jar;C:\Users\loris\.m2\repository\org\junit\jupiter\junit-jupiter-engine\5.10.0\junit-jupiter-engine-5.10.0.jar;C:\Users\loris\.m2\repository\org\junit\platform\junit-platform-engine\1.10.0\junit-platform-engine-1.10.0.jar;"/>
    <property name="sun.cpu.endian" value="little"/>
    <property name="user.home" value="C:\Users\loris"/>
    <property name="user.language" value="de"/>
    <property name="java.specification.vendor" value="Oracle Corporation"/>
    <property name="java.version.date" value="2024-10-15"/>
    <property name="java.home" value="C:\Users\loris\.jdks\openjdk-23.0.1"/>
    <property name="file.separator" value="\"/>
    <property name="basedir" value="C:\Users\loris\OneDrive\Dokumente\TBZ\Modul 405\M405_DiLeo_Meyer\uebungen\3"/>
    <property name="java.vm.compressedOopsMode" value="Zero based"/>
    <property name="line.separator" value="&#10;"/>
    <property name="java.vm.specification.vendor" value="Oracle Corporation"/>
    <property name="java.specification.name" value="Java Platform API Specification"/>
    <property name="surefire.real.class.path" value="C:\Users\loris\AppData\Local\Temp\surefire9392152722656272214\surefirebooter-20241125085802282_3.jar"/>
    <property name="user.script" value=""/>
    <property name="sun.management.compiler" value="HotSpot 64-Bit Tiered Compilers"/>
    <property name="java.runtime.version" value="23.0.1+11-39"/>
    <property name="user.name" value="loris"/>
    <property name="stdout.encoding" value="Cp1252"/>
    <property name="path.separator" value=";"/>
    <property name="os.version" value="10.0"/>
    <property name="java.runtime.name" value="OpenJDK Runtime Environment"/>
    <property name="file.encoding" value="UTF-8"/>
    <property name="java.vm.name" value="OpenJDK 64-Bit Server VM"/>
    <property name="localRepository" value="C:\Users\loris\.m2\repository"/>
    <property name="java.vendor.url.bug" value="https://bugreport.java.com/bugreport/"/>
    <property name="java.io.tmpdir" value="C:\Users\loris\AppData\Local\Temp\"/>
    <property name="idea.version" value="2023.3.8"/>
    <property name="java.version" value="23.0.1"/>
    <property name="user.dir" value="C:\Users\loris\OneDrive\Dokumente\TBZ\Modul 405\M405_DiLeo_Meyer\uebungen\3"/>
    <property name="os.arch" value="amd64"/>
    <property name="java.vm.specification.name" value="Java Virtual Machine Specification"/>
    <property name="sun.os.patch.level" value=""/>
    <property name="native.encoding" value="Cp1252"/>
    <property name="java.library.path" value="C:\Users\loris\.jdks\openjdk-23.0.1\bin;C:\windows\Sun\Java\bin;C:\windows\system32;C:\windows;C:\windows\system32;C:\windows;C:\windows\System32\Wbem;C:\windows\System32\WindowsPowerShell\v1.0\;C:\windows\System32\OpenSSH\;C:\Program Files\Git\cmd;C:\Program Files\Docker\Docker\resources\bin;C:\Program Files\nodejs\;C:\Program Files (x86)\Gpg4win\..\GnuPG\bin;C:\Users\loris\AppData\Local\Android\Sdk\platform-tools;C:\Users\loris\AppData\Local\Android\Sdk\emulator;C:\Users\loris\AppData\Local\Programs\Python\Launcher\;C:\Users\loris\AppData\Local\Microsoft\WindowsApps;C:\Users\loris\AppData\Local\Programs\Microsoft VS Code\bin;C:\Users\loris\AppData\Roaming\npm;C:\Users\loris\AppData\Local\GitHubDesktop\bin;."/>
    <property name="java.vm.info" value="mixed mode, sharing"/>
    <property name="stderr.encoding" value="Cp1252"/>
    <property name="java.vendor" value="Oracle Corporation"/>
    <property name="java.vm.version" value="23.0.1+11-39"/>
    <property name="sun.io.unicode.encoding" value="UnicodeLittle"/>
    <property name="java.class.version" value="67.0"/>
  </properties>
  <testcase name="testMultiplication" classname="org.example.CalculatorTest" time="0.125"/>
  <testcase name="testAddition" classname="org.example.CalculatorTest" time="0.01">
    <system-out><![CDATA[sgsdfgds
]]></system-out>
  </testcase>
  <testcase name="testDivision" classname="org.example.CalculatorTest" time="0.016"/>
  <testcase name="testSubtraction" classname="org.example.CalculatorTest" time="0.007"/>
</testsuite>